<?xml version="1.0" encoding="UTF-8"?>
<!-- Generated by org.testng.reporters.JUnitReportReporter -->
<testsuite hostname="LAPTOP-G790OGBU" name="com.menumitratCommonAPITestScript.SupplierCreditRatingChoicesTestScript" tests="1" failures="0" timestamp="2 May 2025 17:39:57 GMT" time="1.687" errors="0">
  <testcase name="testSupplierCreditRatingChoices" time="1.687" classname="com.menumitratCommonAPITestScript.SupplierCreditRatingChoicesTestScript"/>
</testsuite> <!-- com.menumitratCommonAPITestScript.SupplierCreditRatingChoicesTestScript -->
