<?xml version="1.0" encoding="UTF-8"?>
<!-- Generated by org.testng.reporters.JUnitReportReporter -->
<testsuite hostname="LAPTOP-G790OGBU" name="com.menumitratCommonAPITestScript.TicketListViewTestScript" tests="2" failures="0" timestamp="9 May 2025 06:01:25 GMT" time="0.277" errors="0">
  <testcase name="ticketListViewNegativeTest" time="0.135" classname="com.menumitratCommonAPITestScript.TicketListViewTestScript"/>
  <testcase name="ticketListViewTest" time="0.142" classname="com.menumitratCommonAPITestScript.TicketListViewTestScript"/>
</testsuite> <!-- com.menumitratCommonAPITestScript.TicketListViewTestScript -->
