<?xml version="1.0" encoding="UTF-8"?>
<!-- Generated by org.testng.reporters.JUnitReportReporter -->
<testsuite hostname="LAPTOP-G790OGBU" name="com.menumitratCommonAPITestScript.InventoryCreateTestScript" tests="1" failures="0" timestamp="6 May 2025 09:42:54 GMT" time="2.662" errors="0">
  <testcase name="createInventory" time="2.662" classname="com.menumitratCommonAPITestScript.InventoryCreateTestScript"/>
</testsuite> <!-- com.menumitratCommonAPITestScript.InventoryCreateTestScript -->
