<?xml version="1.0" encoding="UTF-8"?>
<!-- Generated by org.testng.reporters.JUnitReportReporter -->
<testsuite hostname="LAPTOP-G790OGBU" name="com.menumitratCommonAPITestScript.MenuCategoryListViewTestScript" tests="1" failures="0" timestamp="5 May 2025 08:21:13 GMT" time="0.194" errors="0">
  <testcase name="verifyMenuCategoryListView" time="0.194" classname="com.menumitratCommonAPITestScript.MenuCategoryListViewTestScript"/>
</testsuite> <!-- com.menumitratCommonAPITestScript.MenuCategoryListViewTestScript -->
