<?xml version="1.0" encoding="UTF-8"?>
<!-- Generated by org.testng.reporters.JUnitReportReporter -->
<testsuite hostname="LAPTOP-G790OGBU" name="com.menumitratCommonAPITestScript.GetStaffListWithRole" tests="1" failures="0" timestamp="5 May 2025 05:34:57 GMT" time="1.660" errors="0">
  <testcase name="getStaffListWithRoleTest" time="1.660" classname="com.menumitratCommonAPITestScript.GetStaffListWithRole"/>
</testsuite> <!-- com.menumitratCommonAPITestScript.GetStaffListWithRole -->
