<?xml version="1.0" encoding="UTF-8"?>
<!-- Generated by org.testng.reporters.JUnitReportReporter -->
<testsuite hostname="LAPTOP-G790OGBU" name="com.menumitratCommonAPITestScript.UpdateOrderTestScript" tests="5" failures="0" timestamp="5 May 2025 04:55:23 GMT" time="3.719" errors="0">
  <testcase name="updateDineInOrder" time="2.831" classname="com.menumitratCommonAPITestScript.UpdateOrderTestScript"/>
  <testcase name="updateDriveThroughOrder" time="0.197" classname="com.menumitratCommonAPITestScript.UpdateOrderTestScript"/>
  <testcase name="updateParcelOrder" time="0.263" classname="com.menumitratCommonAPITestScript.UpdateOrderTestScript"/>
  <testcase name="updateDeliveryOrder" time="0.257" classname="com.menumitratCommonAPITestScript.UpdateOrderTestScript"/>
  <testcase name="updateCounterOrder" time="0.171" classname="com.menumitratCommonAPITestScript.UpdateOrderTestScript"/>
</testsuite> <!-- com.menumitratCommonAPITestScript.UpdateOrderTestScript -->
