<?xml version="1.0" encoding="UTF-8"?>
<!-- Generated by org.testng.reporters.JUnitReportReporter -->
<testsuite hostname="LAPTOP-G790OGBU" name="com.menumitratCommonAPITestScript.GetSupplierListTestScript" tests="2" failures="0" timestamp="6 May 2025 08:29:06 GMT" time="0.472" errors="0">
  <testcase name="getSupplierList" time="0.251" classname="com.menumitratCommonAPITestScript.GetSupplierListTestScript"/>
  <testcase name="getSupplierListNegativeTest" time="0.221" classname="com.menumitratCommonAPITestScript.GetSupplierListTestScript"/>
</testsuite> <!-- com.menumitratCommonAPITestScript.GetSupplierListTestScript -->
