<?xml version="1.0" encoding="UTF-8"?>
<!-- Generated by org.testng.reporters.JUnitReportReporter -->
<testsuite hostname="LAPTOP-G790OGBU" name="com.menumitratCommonAPITestScript.DefaultUserSettingsTestScript" tests="1" failures="0" timestamp="4 May 2025 11:37:35 GMT" time="6.084" errors="0">
  <testcase name="defaultUserSettingsTest" time="6.084" classname="com.menumitratCommonAPITestScript.DefaultUserSettingsTestScript"/>
</testsuite> <!-- com.menumitratCommonAPITestScript.DefaultUserSettingsTestScript -->
