<?xml version="1.0" encoding="UTF-8"?>
<!-- Generated by org.testng.reporters.JUnitReportReporter -->
<testsuite hostname="LAPTOP-G790OGBU" name="com.menumitratCommonAPITestScript.StaffViewTestScript" tests="2" failures="0" timestamp="5 May 2025 14:03:21 GMT" time="0.883" errors="0">
  <testcase name="verifyStaffViewNegative" time="0.525" classname="com.menumitratCommonAPITestScript.StaffViewTestScript"/>
  <testcase name="verifyStaffView" time="0.358" classname="com.menumitratCommonAPITestScript.StaffViewTestScript"/>
</testsuite> <!-- com.menumitratCommonAPITestScript.StaffViewTestScript -->
