<?xml version="1.0" encoding="UTF-8"?>
<!-- Generated by org.testng.reporters.JUnitReportReporter -->
<testsuite hostname="LAPTOP-G790OGBU" name="com.menumitratCommonAPITestScript.TableListViewTestScript" tests="1" failures="0" timestamp="4 May 2025 10:14:01 GMT" time="16.496" errors="0">
  <testcase name="verifyTableListView" time="16.496" classname="com.menumitratCommonAPITestScript.TableListViewTestScript"/>
</testsuite> <!-- com.menumitratCommonAPITestScript.TableListViewTestScript -->
