<?xml version="1.0" encoding="UTF-8"?>
<!-- Generated by org.testng.reporters.JUnitReportReporter -->
<testsuite hostname="LAPTOP-G790OGBU" name="com.menumitratCommonAPITestScript.CaptainViewTestScript" tests="1" failures="0" timestamp="4 May 2025 08:14:33 GMT" time="1.715" errors="0">
  <testcase name="captainViewTest" time="1.715" classname="com.menumitratCommonAPITestScript.CaptainViewTestScript"/>
</testsuite> <!-- com.menumitratCommonAPITestScript.CaptainViewTestScript -->
