<?xml version="1.0" encoding="UTF-8"?>
<!-- Generated by org.testng.reporters.JUnitReportReporter -->
<testsuite hostname="LAPTOP-G790OGBU" name="com.menumitratCommonAPITestScript.OrderViewTestScript" tests="1" failures="0" timestamp="5 May 2025 05:19:27 GMT" time="2.034" errors="0">
  <testcase name="orderViewTest" time="2.034" classname="com.menumitratCommonAPITestScript.OrderViewTestScript"/>
</testsuite> <!-- com.menumitratCommonAPITestScript.OrderViewTestScript -->
