<?xml version="1.0" encoding="UTF-8"?>
<!-- Generated by org.testng.reporters.JUnitReportReporter -->
<testsuite hostname="LAPTOP-G790OGBU" name="com.menumitratCommonAPITestScript.GetInventoryCategoryList" tests="1" failures="0" timestamp="5 May 2025 08:21:13 GMT" time="0.134" errors="0">
  <testcase name="getInventoryCategoryList" time="0.134" classname="com.menumitratCommonAPITestScript.GetInventoryCategoryList"/>
</testsuite> <!-- com.menumitratCommonAPITestScript.GetInventoryCategoryList -->
