<?xml version="1.0" encoding="UTF-8"?>
<!-- Generated by org.testng.reporters.JUnitReportReporter -->
<testsuite hostname="LAPTOP-G790OGBU" name="com.menumitratCommonAPITestScript.ActivityLogTestScript" tests="1" failures="0" timestamp="5 May 2025 08:21:13 GMT" time="34.048" errors="0">
  <testcase name="activityLogTest" time="34.048" classname="com.menumitratCommonAPITestScript.ActivityLogTestScript"/>
</testsuite> <!-- com.menumitratCommonAPITestScript.ActivityLogTestScript -->
