<?xml version="1.0" encoding="UTF-8"?>
<!-- Generated by org.testng.reporters.JUnitReportReporter -->
<testsuite hostname="LAPTOP-G790OGBU" name="com.menumitratCommonAPITestScript.WaiterCreateTestScript" tests="1" failures="0" timestamp="4 May 2025 07:01:33 GMT" time="3.706" errors="0">
  <testcase name="verifyWaiterCreate" time="3.706" classname="com.menumitratCommonAPITestScript.WaiterCreateTestScript"/>
</testsuite> <!-- com.menumitratCommonAPITestScript.WaiterCreateTestScript -->
