<?xml version="1.0" encoding="UTF-8"?>
<!-- Generated by org.testng.reporters.JUnitReportReporter -->
<testsuite hostname="LAPTOP-G790OGBU" name="com.menumitratCommonAPITestScript.InventoryViewTestScript" tests="1" failures="0" timestamp="2 May 2025 18:45:48 GMT" time="0.455" errors="0">
  <testcase name="verifyInventoryView" time="0.455" classname="com.menumitratCommonAPITestScript.InventoryViewTestScript"/>
</testsuite> <!-- com.menumitratCommonAPITestScript.InventoryViewTestScript -->
