<?xml version="1.0" encoding="UTF-8"?>
<!-- Generated by org.testng.reporters.JUnitReportReporter -->
<testsuite hostname="LAPTOP-G790OGBU" name="com.menumitratCommonAPITestScript.CreateQRTemplatesTestScript" tests="1" failures="0" timestamp="5 May 2025 08:21:13 GMT" time="0.347" errors="0">
  <testcase name="createQRTemplatesUsingValidInputData" time="0.347" classname="com.menumitratCommonAPITestScript.CreateQRTemplatesTestScript"/>
</testsuite> <!-- com.menumitratCommonAPITestScript.CreateQRTemplatesTestScript -->
