<?xml version="1.0" encoding="UTF-8"?>
<!-- Generated by org.testng.reporters.JUnitReportReporter -->
<testsuite hostname="LAPTOP-G790OGBU" name="com.menumitratCommonAPITestScript.ViewOutletTestScript" tests="1" failures="0" timestamp="3 May 2025 13:22:58 GMT" time="1.146" errors="0">
  <testcase name="verifyViewOutlet" time="1.146" classname="com.menumitratCommonAPITestScript.ViewOutletTestScript"/>
</testsuite> <!-- com.menumitratCommonAPITestScript.ViewOutletTestScript -->
