<?xml version="1.0" encoding="UTF-8"?>
<!-- Generated by org.testng.reporters.JUnitReportReporter -->
<testsuite hostname="LAPTOP-G790OGBU" name="com.menumitratCommonAPITestScript.sectionCreateTestScript" tests="1" failures="0" timestamp="4 May 2025 12:10:03 GMT" time="1.362" errors="0">
  <testcase name="verifySectionUsingValidInputData" time="1.362" classname="com.menumitratCommonAPITestScript.sectionCreateTestScript"/>
</testsuite> <!-- com.menumitratCommonAPITestScript.sectionCreateTestScript -->
