<?xml version="1.0" encoding="UTF-8"?>
<!-- Generated by org.testng.reporters.JUnitReportReporter -->
<testsuite hostname="LAPTOP-G790OGBU" name="com.menumitratCommonAPITestScript.SupplierCreditRatingChoicesTestScript" tests="1" failures="0" timestamp="9 May 2025 06:01:25 GMT" time="0.121" errors="0">
  <testcase name="testSupplierCreditRatingChoices" time="0.121" classname="com.menumitratCommonAPITestScript.SupplierCreditRatingChoicesTestScript"/>
</testsuite> <!-- com.menumitratCommonAPITestScript.SupplierCreditRatingChoicesTestScript -->
