<?xml version="1.0" encoding="UTF-8"?>
<!-- Generated by org.testng.reporters.JUnitReportReporter -->
<testsuite hostname="LAPTOP-G790OGBU" name="com.menumitratCommonAPITestScript.StaffRoleListTestScript" tests="1" failures="0" timestamp="5 May 2025 05:38:15 GMT" time="1.763" errors="0">
  <testcase name="staffRoleListTest" time="1.763" classname="com.menumitratCommonAPITestScript.StaffRoleListTestScript"/>
</testsuite> <!-- com.menumitratCommonAPITestScript.StaffRoleListTestScript -->
