<?xml version="1.0" encoding="UTF-8"?>
<!-- Generated by org.testng.reporters.JUnitReportReporter -->
<testsuite hostname="LAPTOP-G790OGBU" name="com.menumitratCommonAPITestScript.TableCreateTestScript" tests="2" failures="0" timestamp="6 May 2025 06:04:29 GMT" time="2.104" errors="0">
  <testcase name="verifyTableCreateNegative" time="0.728" classname="com.menumitratCommonAPITestScript.TableCreateTestScript"/>
  <testcase name="verifyTableCreate" time="1.376" classname="com.menumitratCommonAPITestScript.TableCreateTestScript"/>
</testsuite> <!-- com.menumitratCommonAPITestScript.TableCreateTestScript -->
