<?xml version="1.0" encoding="UTF-8"?>
<!-- Generated by org.testng.reporters.JUnitReportReporter -->
<testsuite hostname="LAPTOP-G790OGBU" name="com.menumitratCommonAPITestScript.ChefListViewTestScript" tests="1" failures="0" timestamp="5 May 2025 08:21:13 GMT" time="0.164" errors="0">
  <testcase name="chefListViewTest" time="0.164" classname="com.menumitratCommonAPITestScript.ChefListViewTestScript"/>
</testsuite> <!-- com.menumitratCommonAPITestScript.ChefListViewTestScript -->
