<?xml version="1.0" encoding="UTF-8"?>
<!-- Generated by org.testng.reporters.JUnitReportReporter -->
<testsuite hostname="LAPTOP-G790OGBU" name="com.menumitratCommonAPITestScript.CreateQRTemplatesTestScript" tests="1" failures="0" timestamp="5 May 2025 06:32:12 GMT" time="0.743" errors="0">
  <testcase name="createQRTemplatesUsingValidInputData" time="0.743" classname="com.menumitratCommonAPITestScript.CreateQRTemplatesTestScript"/>
</testsuite> <!-- com.menumitratCommonAPITestScript.CreateQRTemplatesTestScript -->
