<?xml version="1.0" encoding="UTF-8"?>
<!-- Generated by org.testng.reporters.JUnitReportReporter -->
<testsuite hostname="LAPTOP-G790OGBU" name="com.menumitratCommonAPITestScript.UpdateTemplatesTestScript" tests="1" failures="0" timestamp="5 May 2025 06:39:34 GMT" time="0.773" errors="0">
  <testcase name="updateTemplatesUsingValidInputData" time="0.773" classname="com.menumitratCommonAPITestScript.UpdateTemplatesTestScript"/>
</testsuite> <!-- com.menumitratCommonAPITestScript.UpdateTemplatesTestScript -->
