<?xml version="1.0" encoding="UTF-8"?>
<!-- Generated by org.testng.reporters.JUnitReportReporter -->
<testsuite hostname="LAPTOP-G790OGBU" name="com.menumitratCommonAPITestScript.CaptainListViewTestScript" tests="1" failures="0" timestamp="4 May 2025 08:18:50 GMT" time="1.628" errors="0">
  <testcase name="captainListViewTest" time="1.628" classname="com.menumitratCommonAPITestScript.CaptainListViewTestScript"/>
</testsuite> <!-- com.menumitratCommonAPITestScript.CaptainListViewTestScript -->
