<?xml version="1.0" encoding="UTF-8"?>
<!-- Generated by org.testng.reporters.JUnitReportReporter -->
<testsuite hostname="LAPTOP-G790OGBU" name="com.menumitratCommonAPITestScript.GetMenuList" tests="2" failures="0" timestamp="9 May 2025 06:01:25 GMT" time="0.256" errors="0">
  <testcase name="verifyMenuList" time="0.131" classname="com.menumitratCommonAPITestScript.GetMenuList"/>
  <testcase name="getMenuListNegativeTest" time="0.125" classname="com.menumitratCommonAPITestScript.GetMenuList"/>
</testsuite> <!-- com.menumitratCommonAPITestScript.GetMenuList -->
