<?xml version="1.0" encoding="UTF-8"?>
<!-- Generated by org.testng.reporters.JUnitReportReporter -->
<testsuite hostname="LAPTOP-G790OGBU" name="com.menumitratCommonAPITestScript.SupplierDeleteTestScript" tests="1" failures="0" timestamp="2 May 2025 17:17:14 GMT" time="4.184" errors="0">
  <testcase name="testSupplierDelete" time="4.184" classname="com.menumitratCommonAPITestScript.SupplierDeleteTestScript"/>
</testsuite> <!-- com.menumitratCommonAPITestScript.SupplierDeleteTestScript -->
