<?xml version="1.0" encoding="UTF-8"?>
<!-- Generated by org.testng.reporters.JUnitReportReporter -->
<testsuite hostname="LAPTOP-G790OGBU" name="com.menumitratCommonAPITestScript.staffListViewTestScript" tests="1" failures="0" timestamp="2 May 2025 07:29:22 GMT" time="32.385" errors="0">
  <testcase name="verifyStaffListViewUsingPositiveData" time="32.385" classname="com.menumitratCommonAPITestScript.staffListViewTestScript"/>
</testsuite> <!-- com.menumitratCommonAPITestScript.staffListViewTestScript -->
