<?xml version="1.0" encoding="UTF-8"?>
<!-- Generated by org.testng.reporters.JUnitReportReporter -->
<testsuite hostname="LAPTOP-G790OGBU" name="com.menumitratCommonAPITestScript.TableDeleteTestScript" tests="2" failures="0" timestamp="6 May 2025 06:58:19 GMT" time="0.418" errors="0">
  <testcase name="tableDeleteNegativeTest" time="0.227" classname="com.menumitratCommonAPITestScript.TableDeleteTestScript"/>
  <testcase name="verifyTableDelete" time="0.191" classname="com.menumitratCommonAPITestScript.TableDeleteTestScript"/>
</testsuite> <!-- com.menumitratCommonAPITestScript.TableDeleteTestScript -->
