<?xml version="1.0" encoding="UTF-8"?>
<!-- Generated by org.testng.reporters.JUnitReportReporter -->
<testsuite hostname="LAPTOP-G790OGBU" name="com.menumitratCommonAPITestScript.StaffCreateTestScript" tests="1" failures="0" timestamp="2 May 2025 07:13:20 GMT" time="0.254" errors="0">
  <testcase name="createStaff" time="0.254" classname="com.menumitratCommonAPITestScript.StaffCreateTestScript"/>
</testsuite> <!-- com.menumitratCommonAPITestScript.StaffCreateTestScript -->
