<?xml version="1.0" encoding="UTF-8"?>
<!-- Generated by org.testng.reporters.JUnitReportReporter -->
<testsuite hostname="LAPTOP-G790OGBU" name="com.menumitratCommonAPITestScript.orderListViewSetUp" tests="3" failures="0" timestamp="9 May 2025 06:01:24 GMT" time="0.528" errors="0">
  <testcase name="orderListViewNegativeTest" time="0.157" classname="com.menumitratCommonAPITestScript.orderListViewSetUp"/>
  <testcase name="orderListViewNegativeTest" time="0.144" classname="com.menumitratCommonAPITestScript.orderListViewSetUp"/>
  <testcase name="orderListViewTest" time="0.227" classname="com.menumitratCommonAPITestScript.orderListViewSetUp"/>
</testsuite> <!-- com.menumitratCommonAPITestScript.orderListViewSetUp -->
