<?xml version="1.0" encoding="UTF-8"?>
<!-- Generated by org.testng.reporters.JUnitReportReporter -->
<testsuite hostname="LAPTOP-G790OGBU" name="com.menumitratCommonAPITestScript.DeleteTemplatesTestScript" tests="2" failures="0" timestamp="9 May 2025 06:01:25 GMT" time="0.238" errors="0">
  <testcase name="deleteTemplatesNegativeTest" time="0.122" classname="com.menumitratCommonAPITestScript.DeleteTemplatesTestScript"/>
  <testcase name="deleteTemplatesTest" time="0.116" classname="com.menumitratCommonAPITestScript.DeleteTemplatesTestScript"/>
</testsuite> <!-- com.menumitratCommonAPITestScript.DeleteTemplatesTestScript -->
