<?xml version="1.0" encoding="UTF-8"?>
<!-- Generated by org.testng.reporters.JUnitReportReporter -->
<testsuite hostname="LAPTOP-G790OGBU" name="com.menumitratCommonAPITestScript.GetInventoryCategoryList" tests="1" failures="0" timestamp="9 May 2025 06:01:24 GMT" time="0.127" errors="0">
  <testcase name="getInventoryCategoryList" time="0.127" classname="com.menumitratCommonAPITestScript.GetInventoryCategoryList"/>
</testsuite> <!-- com.menumitratCommonAPITestScript.GetInventoryCategoryList -->
