<?xml version="1.0" encoding="UTF-8"?>
<!-- Generated by org.testng.reporters.JUnitReportReporter -->
<testsuite hostname="LAPTOP-G790OGBU" name="com.menumitratCommonAPITestScript.ChefCreateTestScript" tests="1" failures="0" timestamp="4 May 2025 08:42:05 GMT" time="2.646" errors="0">
  <testcase name="createChef" time="2.646" classname="com.menumitratCommonAPITestScript.ChefCreateTestScript"/>
</testsuite> <!-- com.menumitratCommonAPITestScript.ChefCreateTestScript -->
