<?xml version="1.0" encoding="UTF-8"?>
<!-- Generated by org.testng.reporters.JUnitReportReporter -->
<testsuite hostname="LAPTOP-G790OGBU" name="com.menumitratCommonAPITestScript.SelectOutletTestScript" tests="3" failures="0" timestamp="9 May 2025 06:01:25 GMT" time="0.369" errors="0">
  <testcase name="selectOutletNegativeTest" time="0.118" classname="com.menumitratCommonAPITestScript.SelectOutletTestScript"/>
  <testcase name="selectOutletTest" time="0.131" classname="com.menumitratCommonAPITestScript.SelectOutletTestScript"/>
  <testcase name="selectOutletNegativeTest" time="0.120" classname="com.menumitratCommonAPITestScript.SelectOutletTestScript"/>
</testsuite> <!-- com.menumitratCommonAPITestScript.SelectOutletTestScript -->
