<?xml version="1.0" encoding="UTF-8"?>
<!-- Generated by org.testng.reporters.JUnitReportReporter -->
<testsuite hostname="LAPTOP-G790OGBU" name="com.menumitratCommonAPITestScript.GetInorOutList" tests="1" failures="0" timestamp="3 May 2025 10:39:02 GMT" time="0.304" errors="0">
  <testcase name="testInOrOutList" time="0.304" classname="com.menumitratCommonAPITestScript.GetInorOutList"/>
</testsuite> <!-- com.menumitratCommonAPITestScript.GetInorOutList -->
