<?xml version="1.0" encoding="UTF-8"?>
<!-- Generated by org.testng.reporters.JUnitReportReporter -->
<testsuite hostname="LAPTOP-G790OGBU" name="com.menumitratCommonAPITestScript.InventoryUpdateTestScript" tests="1" failures="0" timestamp="9 May 2025 06:01:25 GMT" time="0.149" errors="0">
  <testcase name="updateInventory" time="0.149" classname="com.menumitratCommonAPITestScript.InventoryUpdateTestScript"/>
</testsuite> <!-- com.menumitratCommonAPITestScript.InventoryUpdateTestScript -->
