<?xml version="1.0" encoding="UTF-8"?>
<!-- Generated by org.testng.reporters.JUnitReportReporter -->
<testsuite hostname="LAPTOP-G790OGBU" name="com.menumitratCommonAPITestScript.CheckTableIsReservedTestScript" tests="1" failures="0" timestamp="4 May 2025 10:49:18 GMT" time="3.674" errors="0">
  <testcase name="checkIfTableIsReserved" time="3.674" classname="com.menumitratCommonAPITestScript.CheckTableIsReservedTestScript"/>
</testsuite> <!-- com.menumitratCommonAPITestScript.CheckTableIsReservedTestScript -->
