<?xml version="1.0" encoding="UTF-8"?>
<!-- Generated by org.testng.reporters.JUnitReportReporter -->
<testsuite hostname="LAPTOP-G790OGBU" name="com.menumitratCommonAPITestScript.StaffDeleteTestScript" tests="1" failures="0" timestamp="9 May 2025 06:01:25 GMT" time="0.130" errors="0">
  <testcase name="staffDeleteNegativeTest" time="0.130" classname="com.menumitratCommonAPITestScript.StaffDeleteTestScript"/>
</testsuite> <!-- com.menumitratCommonAPITestScript.StaffDeleteTestScript -->
