<?xml version="1.0" encoding="UTF-8"?>
<!-- Generated by org.testng.reporters.JUnitReportReporter -->
<testsuite hostname="LAPTOP-G790OGBU" name="com.menumitratCommonAPITestScript.sectionCreateTestScript" tests="2" failures="0" timestamp="7 May 2025 04:51:19 GMT" time="12.552" errors="0">
  <testcase name="verifySectionUsingValidInputData" time="3.137" classname="com.menumitratCommonAPITestScript.sectionCreateTestScript"/>
  <testcase name="sectionCreateNegativeTest" time="9.415" classname="com.menumitratCommonAPITestScript.sectionCreateTestScript"/>
</testsuite> <!-- com.menumitratCommonAPITestScript.sectionCreateTestScript -->
