<?xml version="1.0" encoding="UTF-8"?>
<!-- Generated by org.testng.reporters.JUnitReportReporter -->
<testsuite hostname="LAPTOP-G790OGBU" name="com.menumitratCommonAPITestScript.OwnerDetailsTestScript" tests="2" failures="0" timestamp="7 May 2025 12:42:14 GMT" time="0.452" errors="0">
  <testcase name="ownerDetailsNegativeTest" time="0.192" classname="com.menumitratCommonAPITestScript.OwnerDetailsTestScript"/>
  <testcase name="ownerDetailsTest" time="0.260" classname="com.menumitratCommonAPITestScript.OwnerDetailsTestScript"/>
</testsuite> <!-- com.menumitratCommonAPITestScript.OwnerDetailsTestScript -->
