<?xml version="1.0" encoding="UTF-8"?>
<!-- Generated by org.testng.reporters.JUnitReportReporter -->
<testsuite hostname="LAPTOP-G790OGBU" name="com.menumitratCommonAPITestScript.sectionUpdateTestScript" tests="3" failures="0" timestamp="9 May 2025 06:01:25 GMT" time="0.409" errors="0">
  <testcase name="sectionUpdateNegativeTest" time="0.160" classname="com.menumitratCommonAPITestScript.sectionUpdateTestScript"/>
  <testcase name="verifySectionUpdateUsingValidInputData" time="0.124" classname="com.menumitratCommonAPITestScript.sectionUpdateTestScript"/>
  <testcase name="verifySectionCreateUsingInvalidData" time="0.125" classname="com.menumitratCommonAPITestScript.sectionUpdateTestScript"/>
</testsuite> <!-- com.menumitratCommonAPITestScript.sectionUpdateTestScript -->
