<?xml version="1.0" encoding="UTF-8"?>
<!-- Generated by org.testng.reporters.JUnitReportReporter -->
<testsuite hostname="LAPTOP-G790OGBU" name="com.menumitratCommonAPITestScript.GetInventoryCategoryList" tests="1" failures="0" timestamp="2 May 2025 19:23:12 GMT" time="0.409" errors="0">
  <testcase name="getInventoryCategoryList" time="0.409" classname="com.menumitratCommonAPITestScript.GetInventoryCategoryList"/>
</testsuite> <!-- com.menumitratCommonAPITestScript.GetInventoryCategoryList -->
