<?xml version="1.0" encoding="UTF-8"?>
<!-- Generated by org.testng.reporters.JUnitReportReporter -->
<testsuite hostname="LAPTOP-G790OGBU" name="com.menumitratCommonAPITestScript.ResendOTPTestScript" tests="2" failures="0" timestamp="22 Apr 2025 07:27:32 GMT" time="3.482" errors="0">
  <testcase name="getResendOTPURL" time="0.008" classname="com.menumitratCommonAPITestScript.ResendOTPTestScript"/>
  <testcase name="verifyRessendOTPUSingPositiveInputData" time="3.474" classname="com.menumitratCommonAPITestScript.ResendOTPTestScript"/>
</testsuite> <!-- com.menumitratCommonAPITestScript.ResendOTPTestScript -->
