<?xml version="1.0" encoding="UTF-8"?>
<!-- Generated by org.testng.reporters.JUnitReportReporter -->
<testsuite hostname="LAPTOP-G790OGBU" name="com.menumitratCommonAPITestScript.ChefListViewTestScript" tests="1" failures="0" timestamp="4 May 2025 08:46:54 GMT" time="2.963" errors="0">
  <testcase name="chefListViewTest" time="2.963" classname="com.menumitratCommonAPITestScript.ChefListViewTestScript"/>
</testsuite> <!-- com.menumitratCommonAPITestScript.ChefListViewTestScript -->
