<?xml version="1.0" encoding="UTF-8"?>
<!-- Generated by org.testng.reporters.JUnitReportReporter -->
<testsuite hostname="LAPTOP-G790OGBU" name="com.menumitratCommonAPITestScript.GetSpicyIndexList" tests="1" failures="0" timestamp="9 May 2025 06:01:25 GMT" time="0.119" errors="0">
  <testcase name="verifySpicyIndexList" time="0.119" classname="com.menumitratCommonAPITestScript.GetSpicyIndexList"/>
</testsuite> <!-- com.menumitratCommonAPITestScript.GetSpicyIndexList -->
