<?xml version="1.0" encoding="UTF-8"?>
<!-- Generated by org.testng.reporters.JUnitReportReporter -->
<testsuite hostname="LAPTOP-G790OGBU" name="com.menumitratCommonAPITestScript.ViewTemplatesTestScript" tests="2" failures="0" timestamp="7 May 2025 12:18:54 GMT" time="2.912" errors="0">
  <testcase name="viewTemplatesNegativeTest" time="0.602" classname="com.menumitratCommonAPITestScript.ViewTemplatesTestScript"/>
  <testcase name="viewTemplatesTest" time="2.310" classname="com.menumitratCommonAPITestScript.ViewTemplatesTestScript"/>
</testsuite> <!-- com.menumitratCommonAPITestScript.ViewTemplatesTestScript -->
