<?xml version="1.0" encoding="UTF-8"?>
<!-- Generated by org.testng.reporters.JUnitReportReporter -->
<testsuite hostname="LAPTOP-G790OGBU" name="com.menumitratCommonAPITestScript.StaffCreateTestScript" tests="1" failures="0" timestamp="4 May 2025 12:17:06 GMT" time="1.903" errors="0">
  <testcase name="createStaff" time="1.903" classname="com.menumitratCommonAPITestScript.StaffCreateTestScript"/>
</testsuite> <!-- com.menumitratCommonAPITestScript.StaffCreateTestScript -->
