<?xml version="1.0" encoding="UTF-8"?>
<!-- Generated by org.testng.reporters.JUnitReportReporter -->
<testsuite hostname="LAPTOP-G790OGBU" name="com.menumitratCommonAPITestScript.MenuDelete" tests="1" failures="0" timestamp="3 May 2025 06:33:51 GMT" time="19.692" errors="0">
  <testcase name="deleteMenu" time="19.692" classname="com.menumitratCommonAPITestScript.MenuDelete"/>
</testsuite> <!-- com.menumitratCommonAPITestScript.MenuDelete -->
