<?xml version="1.0" encoding="UTF-8"?>
<!-- Generated by org.testng.reporters.JUnitReportReporter -->
<testsuite hostname="LAPTOP-G790OGBU" name="com.menumitratCommonAPITestScript.StaffRoleListTestScript" tests="2" failures="0" timestamp="7 May 2025 12:39:59 GMT" time="1.712" errors="0">
  <testcase name="staffRoleListTest" time="1.018" classname="com.menumitratCommonAPITestScript.StaffRoleListTestScript"/>
  <testcase name="staffRoleListNegativeTest" time="0.694" classname="com.menumitratCommonAPITestScript.StaffRoleListTestScript"/>
</testsuite> <!-- com.menumitratCommonAPITestScript.StaffRoleListTestScript -->
