<?xml version="1.0" encoding="UTF-8"?>
<!-- Generated by org.testng.reporters.JUnitReportReporter -->
<testsuite hostname="LAPTOP-G790OGBU" name="com.menumitratCommonAPITestScript.InventoryListViewTestScript" tests="1" failures="0" timestamp="2 May 2025 18:51:34 GMT" time="0.004" errors="0">
  <testcase name="verifyInventoryList" time="0.004" classname="com.menumitratCommonAPITestScript.InventoryListViewTestScript"/>
</testsuite> <!-- com.menumitratCommonAPITestScript.InventoryListViewTestScript -->
