<?xml version="1.0" encoding="UTF-8"?>
<!-- Generated by org.testng.reporters.JUnitReportReporter -->
<testsuite hostname="LAPTOP-G790OGBU" name="com.menumitratCommonAPITestScript.GetStaffRole" tests="1" failures="0" timestamp="5 May 2025 05:43:22 GMT" time="0.530" errors="0">
  <testcase name="verifyStaffRole" time="0.530" classname="com.menumitratCommonAPITestScript.GetStaffRole"/>
</testsuite> <!-- com.menumitratCommonAPITestScript.GetStaffRole -->
