<?xml version="1.0" encoding="UTF-8"?>
<!-- Generated by org.testng.reporters.JUnitReportReporter -->
<testsuite hostname="LAPTOP-G790OGBU" name="com.menumitratCommonAPITestScript.MenuCategoryDeleteTestScript" tests="1" failures="0" timestamp="3 May 2025 14:16:24 GMT" time="0.565" errors="0">
  <testcase name="verifyMenuCategoryDelete" time="0.565" classname="com.menumitratCommonAPITestScript.MenuCategoryDeleteTestScript"/>
</testsuite> <!-- com.menumitratCommonAPITestScript.MenuCategoryDeleteTestScript -->
