<?xml version="1.0" encoding="UTF-8"?>
<!-- Generated by org.testng.reporters.JUnitReportReporter -->
<testsuite hostname="LAPTOP-G790OGBU" name="com.menumitratCommonAPITestScript.OrderListViewCdskdsTestScript" tests="2" failures="0" timestamp="7 May 2025 12:10:16 GMT" time="1.678" errors="0">
  <testcase name="orderListViewCdskdsTest" time="0.942" classname="com.menumitratCommonAPITestScript.OrderListViewCdskdsTestScript"/>
  <testcase name="orderListViewCdskdsNegativeTest" time="0.736" classname="com.menumitratCommonAPITestScript.OrderListViewCdskdsTestScript"/>
</testsuite> <!-- com.menumitratCommonAPITestScript.OrderListViewCdskdsTestScript -->
