<?xml version="1.0" encoding="UTF-8"?>
<!-- Generated by org.testng.reporters.JUnitReportReporter -->
<testsuite hostname="LAPTOP-G790OGBU" name="com.menumitratCommonAPITestScript.WaiterViewTestScript" tests="1" failures="0" timestamp="4 May 2025 07:21:10 GMT" time="1.897" errors="0">
  <testcase name="verifyWaiterView" time="1.897" classname="com.menumitratCommonAPITestScript.WaiterViewTestScript"/>
</testsuite> <!-- com.menumitratCommonAPITestScript.WaiterViewTestScript -->
