<?xml version="1.0" encoding="UTF-8"?>
<!-- Generated by org.testng.reporters.JUnitReportReporter -->
<testsuite hostname="LAPTOP-G790OGBU" name="com.menumitratCommonAPITestScript.GetStaffRole" tests="1" failures="0" timestamp="5 May 2025 08:21:13 GMT" time="0.430" errors="0">
  <testcase name="verifyStaffRole" time="0.430" classname="com.menumitratCommonAPITestScript.GetStaffRole"/>
</testsuite> <!-- com.menumitratCommonAPITestScript.GetStaffRole -->
