<?xml version="1.0" encoding="UTF-8"?>
<!-- Generated by org.testng.reporters.JUnitReportReporter -->
<testsuite hostname="LAPTOP-G790OGBU" name="com.menumitratCommonAPITestScript.InventoryCreateTestScript" tests="1" failures="0" timestamp="2 May 2025 18:32:56 GMT" time="0.703" errors="0">
  <testcase name="createInventory" time="0.703" classname="com.menumitratCommonAPITestScript.InventoryCreateTestScript"/>
</testsuite> <!-- com.menumitratCommonAPITestScript.InventoryCreateTestScript -->
