<?xml version="1.0" encoding="UTF-8"?>
<!-- Generated by org.testng.reporters.JUnitReportReporter -->
<testsuite hostname="LAPTOP-G790OGBU" name="com.menumitratCommonAPITestScript.InventoryCategoryCreate" tests="1" failures="0" timestamp="2 May 2025 19:15:06 GMT" time="0.392" errors="0">
  <testcase name="createInventoryCategory" time="0.392" classname="com.menumitratCommonAPITestScript.InventoryCategoryCreate"/>
</testsuite> <!-- com.menumitratCommonAPITestScript.InventoryCategoryCreate -->
