<?xml version="1.0" encoding="UTF-8"?>
<!-- Generated by org.testng.reporters.JUnitReportReporter -->
<testsuite hostname="LAPTOP-G790OGBU" name="com.menumitratCommonAPITestScript.ChefListViewTestScript" tests="2" failures="0" timestamp="7 May 2025 09:07:53 GMT" time="2.010" errors="0">
  <testcase name="chefListViewTest" time="1.559" classname="com.menumitratCommonAPITestScript.ChefListViewTestScript"/>
  <testcase name="chefListViewNegativeTest" time="0.451" classname="com.menumitratCommonAPITestScript.ChefListViewTestScript"/>
</testsuite> <!-- com.menumitratCommonAPITestScript.ChefListViewTestScript -->
