<?xml version="1.0" encoding="UTF-8"?>
<!-- Generated by org.testng.reporters.JUnitReportReporter -->
<testsuite hostname="LAPTOP-G790OGBU" name="com.menumitratCommonAPITestScript.ViewTemplatesTestScript" tests="2" failures="0" timestamp="9 May 2025 06:01:25 GMT" time="0.256" errors="0">
  <testcase name="viewTemplatesTest" time="0.127" classname="com.menumitratCommonAPITestScript.ViewTemplatesTestScript"/>
  <testcase name="viewTemplatesNegativeTest" time="0.129" classname="com.menumitratCommonAPITestScript.ViewTemplatesTestScript"/>
</testsuite> <!-- com.menumitratCommonAPITestScript.ViewTemplatesTestScript -->
