<?xml version="1.0" encoding="UTF-8"?>
<!-- Generated by org.testng.reporters.JUnitReportReporter -->
<testsuite hostname="LAPTOP-G790OGBU" name="com.menumitratCommonAPITestScript.supplierViewTestScript" tests="1" failures="0" timestamp="2 May 2025 17:03:45 GMT" time="3.720" errors="0">
  <testcase name="verifySupplierView" time="3.720" classname="com.menumitratCommonAPITestScript.supplierViewTestScript"/>
</testsuite> <!-- com.menumitratCommonAPITestScript.supplierViewTestScript -->
