<?xml version="1.0" encoding="UTF-8"?>
<!-- Generated by org.testng.reporters.JUnitReportReporter -->
<testsuite hostname="LAPTOP-G790OGBU" name="com.menumitratCommonAPITestScript.TicketListViewTestScript" tests="1" failures="0" timestamp="5 May 2025 08:21:13 GMT" time="0.175" errors="0">
  <testcase name="ticketListViewTest" time="0.175" classname="com.menumitratCommonAPITestScript.TicketListViewTestScript"/>
</testsuite> <!-- com.menumitratCommonAPITestScript.TicketListViewTestScript -->
