<?xml version="1.0" encoding="UTF-8"?>
<!-- Generated by org.testng.reporters.JUnitReportReporter -->
<testsuite hostname="LAPTOP-G790OGBU" name="com.menumitratCommonAPITestScript.ChefViewTestScript" tests="4" failures="0" timestamp="7 May 2025 09:06:28 GMT" time="3.941" errors="0">
  <testcase name="chefViewNegativeTest" time="0.843" classname="com.menumitratCommonAPITestScript.ChefViewTestScript"/>
  <testcase name="chefViewNegativeTest" time="0.471" classname="com.menumitratCommonAPITestScript.ChefViewTestScript"/>
  <testcase name="chefViewNegativeTest" time="1.555" classname="com.menumitratCommonAPITestScript.ChefViewTestScript"/>
  <testcase name="chefViewTest" time="1.072" classname="com.menumitratCommonAPITestScript.ChefViewTestScript"/>
</testsuite> <!-- com.menumitratCommonAPITestScript.ChefViewTestScript -->
