<?xml version="1.0" encoding="UTF-8"?>
<!-- Generated by org.testng.reporters.JUnitReportReporter -->
<testsuite hostname="LAPTOP-G790OGBU" name="com.menumitratCommonAPITestScript.CheckVersionTestScript" tests="1" failures="0" timestamp="4 May 2025 09:08:13 GMT" time="2.376" errors="0">
  <testcase name="checkVersionTest" time="2.376" classname="com.menumitratCommonAPITestScript.CheckVersionTestScript"/>
</testsuite> <!-- com.menumitratCommonAPITestScript.CheckVersionTestScript -->
