<?xml version="1.0" encoding="UTF-8"?>
<!-- Generated by org.testng.reporters.JUnitReportReporter -->
<testsuite hostname="LAPTOP-G790OGBU" name="com.menumitratCommonAPITestScript.DefaultSettingTestScript" tests="1" failures="0" timestamp="4 May 2025 11:26:40 GMT" time="6.255" errors="0">
  <testcase name="defaultSetting" time="6.255" classname="com.menumitratCommonAPITestScript.DefaultSettingTestScript"/>
</testsuite> <!-- com.menumitratCommonAPITestScript.DefaultSettingTestScript -->
