<?xml version="1.0" encoding="UTF-8"?>
<!-- Generated by org.testng.reporters.JUnitReportReporter -->
<testsuite hostname="LAPTOP-G790OGBU" name="com.menumitratCommonAPITestScript.SupplierUpdateTestScript" tests="6" failures="0" timestamp="6 May 2025 07:48:10 GMT" time="2.721" errors="0">
  <testcase name="supplierUpdateNegativeTest" time="0.689" classname="com.menumitratCommonAPITestScript.SupplierUpdateTestScript"/>
  <testcase name="updateSupplier" time="0.687" classname="com.menumitratCommonAPITestScript.SupplierUpdateTestScript"/>
  <testcase name="supplierUpdateNegativeTest" time="0.236" classname="com.menumitratCommonAPITestScript.SupplierUpdateTestScript"/>
  <testcase name="supplierUpdateNegativeTest" time="0.303" classname="com.menumitratCommonAPITestScript.SupplierUpdateTestScript"/>
  <testcase name="supplierUpdateNegativeTest" time="0.539" classname="com.menumitratCommonAPITestScript.SupplierUpdateTestScript"/>
  <testcase name="supplierUpdateNegativeTest" time="0.267" classname="com.menumitratCommonAPITestScript.SupplierUpdateTestScript"/>
</testsuite> <!-- com.menumitratCommonAPITestScript.SupplierUpdateTestScript -->
