<?xml version="1.0" encoding="UTF-8"?>
<!-- Generated by org.testng.reporters.JUnitReportReporter -->
<testsuite hostname="LAPTOP-G790OGBU" name="com.menumitratCommonAPITestScript.TableListViewTestScript" tests="1" failures="0" timestamp="2 May 2025 13:24:04 GMT" time="9.071" errors="0">
  <testcase name="verifyTableListView" time="9.071" classname="com.menumitratCommonAPITestScript.TableListViewTestScript"/>
</testsuite> <!-- com.menumitratCommonAPITestScript.TableListViewTestScript -->
