<?xml version="1.0" encoding="UTF-8"?>
<!-- Generated by org.testng.reporters.JUnitReportReporter -->
<testsuite hostname="LAPTOP-G790OGBU" name="com.menumitratCommonAPITestScript.TableListTestScript" tests="1" failures="0" timestamp="2 May 2025 10:53:57 GMT" time="2.200" errors="0">
  <testcase name="verifyTableListView" time="2.200" classname="com.menumitratCommonAPITestScript.TableListTestScript"/>
</testsuite> <!-- com.menumitratCommonAPITestScript.TableListTestScript -->
