<?xml version="1.0" encoding="UTF-8"?>
<!-- Generated by org.testng.reporters.JUnitReportReporter -->
<testsuite hostname="LAPTOP-G790OGBU" name="com.menumitratCommonAPITestScript.UpdateTableTestScript" tests="1" failures="0" timestamp="4 May 2025 10:17:23 GMT" time="3.348" errors="0">
  <testcase name="updateTableUsingValidInputData" time="3.348" classname="com.menumitratCommonAPITestScript.UpdateTableTestScript"/>
</testsuite> <!-- com.menumitratCommonAPITestScript.UpdateTableTestScript -->
