<?xml version="1.0" encoding="UTF-8"?>
<!-- Generated by org.testng.reporters.JUnitReportReporter -->
<testsuite hostname="LAPTOP-G790OGBU" name="com.menumitratCommonAPITestScript.CaptainUpdateTestScript" tests="1" failures="0" timestamp="4 May 2025 08:14:00 GMT" time="1.745" errors="0">
  <testcase name="captainUpdateTest" time="1.745" classname="com.menumitratCommonAPITestScript.CaptainUpdateTestScript"/>
</testsuite> <!-- com.menumitratCommonAPITestScript.CaptainUpdateTestScript -->
