<?xml version="1.0" encoding="UTF-8"?>
<!-- Generated by org.testng.reporters.JUnitReportReporter -->
<testsuite hostname="LAPTOP-G790OGBU" name="com.menumitratCommonAPITestScript.StaffRoleListTestScript" tests="2" failures="0" timestamp="9 May 2025 06:01:24 GMT" time="0.283" errors="0">
  <testcase name="staffRoleListNegativeTest" time="0.138" classname="com.menumitratCommonAPITestScript.StaffRoleListTestScript"/>
  <testcase name="staffRoleListTest" time="0.145" classname="com.menumitratCommonAPITestScript.StaffRoleListTestScript"/>
</testsuite> <!-- com.menumitratCommonAPITestScript.StaffRoleListTestScript -->
