<?xml version="1.0" encoding="UTF-8"?>
<!-- Generated by org.testng.reporters.JUnitReportReporter -->
<testsuite hostname="LAPTOP-G790OGBU" name="com.menumitratCommonAPITestScript.verifyOTPTestScript" tests="5" failures="0" timestamp="1 May 2025 10:25:08 GMT" time="76.533" errors="0">
  <testcase name="verifyOTPusingInvalidData" time="3.898" classname="com.menumitratCommonAPITestScript.verifyOTPTestScript"/>
  <testcase name="verifyOTPusingInvalidData" time="1.518" classname="com.menumitratCommonAPITestScript.verifyOTPTestScript"/>
  <testcase name="verifyOTPAPiUsingValidInputData" time="64.666" classname="com.menumitratCommonAPITestScript.verifyOTPTestScript"/>
  <testcase name="verifyOTPusingInvalidData" time="4.315" classname="com.menumitratCommonAPITestScript.verifyOTPTestScript"/>
  <testcase name="verifyOTPusingInvalidData" time="2.136" classname="com.menumitratCommonAPITestScript.verifyOTPTestScript"/>
</testsuite> <!-- com.menumitratCommonAPITestScript.verifyOTPTestScript -->
