<?xml version="1.0" encoding="UTF-8"?>
<!-- Generated by org.testng.reporters.JUnitReportReporter -->
<testsuite hostname="LAPTOP-G790OGBU" name="com.menumitratCommonAPITestScript.UpdateMenuQuantity" tests="1" failures="0" timestamp="3 May 2025 10:52:46 GMT" time="0.387" errors="0">
  <testcase name="verifyUpdateMenuQuantity" time="0.387" classname="com.menumitratCommonAPITestScript.UpdateMenuQuantity"/>
</testsuite> <!-- com.menumitratCommonAPITestScript.UpdateMenuQuantity -->
