<?xml version="1.0" encoding="UTF-8"?>
<!-- Generated by org.testng.reporters.JUnitReportReporter -->
<testsuite hostname="LAPTOP-G790OGBU" name="com.menumitratCommonAPITestScript.sectionListViewTestScript" tests="1" failures="0" timestamp="5 May 2025 05:44:33 GMT" time="16.949" errors="0">
  <testcase name="verifySectionListViewUsingValidInputData" time="16.949" classname="com.menumitratCommonAPITestScript.sectionListViewTestScript"/>
</testsuite> <!-- com.menumitratCommonAPITestScript.sectionListViewTestScript -->
