<?xml version="1.0" encoding="UTF-8"?>
<!-- Generated by org.testng.reporters.JUnitReportReporter -->
<testsuite hostname="LAPTOP-G790OGBU" name="com.menumitratCommonAPITestScript.InventoryDeleteTestScript" tests="1" failures="0" timestamp="2 May 2025 18:59:22 GMT" time="0.512" errors="0">
  <testcase name="deleteInventory" time="0.512" classname="com.menumitratCommonAPITestScript.InventoryDeleteTestScript"/>
</testsuite> <!-- com.menumitratCommonAPITestScript.InventoryDeleteTestScript -->
