<?xml version="1.0" encoding="UTF-8"?>
<!-- Generated by org.testng.reporters.JUnitReportReporter -->
<testsuite hostname="LAPTOP-G790OGBU" name="com.menumitratCommonAPITestScript.DefaultSettingTestScript" tests="1" failures="0" timestamp="5 May 2025 08:21:13 GMT" time="0.172" errors="0">
  <testcase name="defaultSetting" time="0.172" classname="com.menumitratCommonAPITestScript.DefaultSettingTestScript"/>
</testsuite> <!-- com.menumitratCommonAPITestScript.DefaultSettingTestScript -->
