<?xml version="1.0" encoding="UTF-8"?>
<!-- Generated by org.testng.reporters.JUnitReportReporter -->
<testsuite hostname="LAPTOP-G790OGBU" name="com.menumitratCommonAPITestScript.DefaultSettingTestScript" tests="2" failures="0" timestamp="7 May 2025 11:17:32 GMT" time="1.289" errors="0">
  <testcase name="defaultSetting" time="0.880" classname="com.menumitratCommonAPITestScript.DefaultSettingTestScript"/>
  <testcase name="defaultSettingsNegativeTest" time="0.409" classname="com.menumitratCommonAPITestScript.DefaultSettingTestScript"/>
</testsuite> <!-- com.menumitratCommonAPITestScript.DefaultSettingTestScript -->
