<?xml version="1.0" encoding="UTF-8"?>
<!-- Generated by org.testng.reporters.JUnitReportReporter -->
<testsuite hostname="LAPTOP-G790OGBU" name="com.menumitratCommonAPITestScript.DefaultUserSettingsTestScript" tests="1" failures="0" timestamp="5 May 2025 08:21:13 GMT" time="1.015" errors="0">
  <testcase name="defaultUserSettingsTest" time="1.015" classname="com.menumitratCommonAPITestScript.DefaultUserSettingsTestScript"/>
</testsuite> <!-- com.menumitratCommonAPITestScript.DefaultUserSettingsTestScript -->
