<?xml version="1.0" encoding="UTF-8"?>
<!-- Generated by org.testng.reporters.JUnitReportReporter -->
<testsuite hostname="LAPTOP-G790OGBU" name="com.menumitratCommonAPITestScript.sectionCreateTestScript" tests="2" failures="0" timestamp="9 May 2025 06:01:25 GMT" time="0.284" errors="0">
  <testcase name="verifySectionUsingValidInputData" time="0.140" classname="com.menumitratCommonAPITestScript.sectionCreateTestScript"/>
  <testcase name="sectionCreateNegativeTest" time="0.144" classname="com.menumitratCommonAPITestScript.sectionCreateTestScript"/>
</testsuite> <!-- com.menumitratCommonAPITestScript.sectionCreateTestScript -->
