<?xml version="1.0" encoding="UTF-8"?>
<!-- Generated by org.testng.reporters.JUnitReportReporter -->
<testsuite hostname="LAPTOP-G790OGBU" name="com.menumitratCommonAPITestScript.InventoryViewTestScript" tests="1" failures="0" timestamp="4 May 2025 12:29:00 GMT" time="1.247" errors="0">
  <testcase name="verifyInventoryView" time="1.247" classname="com.menumitratCommonAPITestScript.InventoryViewTestScript"/>
</testsuite> <!-- com.menumitratCommonAPITestScript.InventoryViewTestScript -->
