<?xml version="1.0" encoding="UTF-8"?>
<!-- Generated by org.testng.reporters.JUnitReportReporter -->
<testsuite hostname="LAPTOP-G790OGBU" name="com.menumitratCommonAPITestScript.UpdateProfileDetailTestScript" tests="7" failures="0" timestamp="9 May 2025 06:01:25 GMT" time="0.930" errors="0">
  <testcase name="updateProfileDetailNegativeTest" time="0.126" classname="com.menumitratCommonAPITestScript.UpdateProfileDetailTestScript"/>
  <testcase name="updateProfileDetailNegativeTest" time="0.131" classname="com.menumitratCommonAPITestScript.UpdateProfileDetailTestScript"/>
  <testcase name="updateProfileDetailNegativeTest" time="0.138" classname="com.menumitratCommonAPITestScript.UpdateProfileDetailTestScript"/>
  <testcase name="updateProfileDetailNegativeTest" time="0.134" classname="com.menumitratCommonAPITestScript.UpdateProfileDetailTestScript"/>
  <testcase name="updateProfileDetailNegativeTest" time="0.132" classname="com.menumitratCommonAPITestScript.UpdateProfileDetailTestScript"/>
  <testcase name="updateProfileDetailNegativeTest" time="0.130" classname="com.menumitratCommonAPITestScript.UpdateProfileDetailTestScript"/>
  <testcase name="verifyUpdateProfileDetail" time="0.139" classname="com.menumitratCommonAPITestScript.UpdateProfileDetailTestScript"/>
</testsuite> <!-- com.menumitratCommonAPITestScript.UpdateProfileDetailTestScript -->
