<?xml version="1.0" encoding="UTF-8"?>
<!-- Generated by org.testng.reporters.JUnitReportReporter -->
<testsuite hostname="LAPTOP-G790OGBU" name="com.menumitratCommonAPITestScript.OrderViewTestScript" tests="3" failures="0" timestamp="9 May 2025 06:01:25 GMT" time="0.414" errors="0">
  <testcase name="orderViewNegativeTest" time="0.135" classname="com.menumitratCommonAPITestScript.OrderViewTestScript"/>
  <testcase name="orderViewNegativeTest" time="0.129" classname="com.menumitratCommonAPITestScript.OrderViewTestScript"/>
  <testcase name="orderViewTest" time="0.150" classname="com.menumitratCommonAPITestScript.OrderViewTestScript"/>
</testsuite> <!-- com.menumitratCommonAPITestScript.OrderViewTestScript -->
