<?xml version="1.0" encoding="UTF-8"?>
<!-- Generated by org.testng.reporters.JUnitReportReporter -->
<testsuite hostname="LAPTOP-G790OGBU" name="com.menumitratCommonAPITestScript.ViewTemplatesTestScript" tests="1" failures="0" timestamp="5 May 2025 06:34:14 GMT" time="0.174" errors="0">
  <testcase name="viewTemplatesTest" time="0.174" classname="com.menumitratCommonAPITestScript.ViewTemplatesTestScript"/>
</testsuite> <!-- com.menumitratCommonAPITestScript.ViewTemplatesTestScript -->
