<?xml version="1.0" encoding="UTF-8"?>
<!-- Generated by org.testng.reporters.JUnitReportReporter -->
<testsuite hostname="LAPTOP-G790OGBU" name="com.menumitratCommonAPITestScript.StaffDeleteTestScript" tests="1" failures="0" timestamp="6 May 2025 05:13:53 GMT" time="0.422" errors="0">
  <testcase name="staffDeleteNegativeTest" time="0.422" classname="com.menumitratCommonAPITestScript.StaffDeleteTestScript"/>
</testsuite> <!-- com.menumitratCommonAPITestScript.StaffDeleteTestScript -->
