<?xml version="1.0" encoding="UTF-8"?>
<!-- Generated by org.testng.reporters.JUnitReportReporter -->
<testsuite hostname="LAPTOP-G790OGBU" name="com.menumitratCommonAPITestScript.TicketViewTestScript" tests="1" failures="0" timestamp="4 May 2025 09:40:59 GMT" time="5.521" errors="0">
  <testcase name="ticketViewTest" time="5.521" classname="com.menumitratCommonAPITestScript.TicketViewTestScript"/>
</testsuite> <!-- com.menumitratCommonAPITestScript.TicketViewTestScript -->
