<?xml version="1.0" encoding="UTF-8"?>
<!-- Generated by org.testng.reporters.JUnitReportReporter -->
<testsuite hostname="LAPTOP-G790OGBU" name="com.menumitratCommonAPITestScript.CaptainUpdateTestScript" tests="1" failures="0" timestamp="5 May 2025 08:21:13 GMT" time="0.150" errors="0">
  <testcase name="captainUpdateTest" time="0.150" classname="com.menumitratCommonAPITestScript.CaptainUpdateTestScript"/>
</testsuite> <!-- com.menumitratCommonAPITestScript.CaptainUpdateTestScript -->
