<?xml version="1.0" encoding="UTF-8"?>
<!-- Generated by org.testng.reporters.JUnitReportReporter -->
<testsuite hostname="LAPTOP-G790OGBU" name="com.menumitratCommonAPITestScript.MenuUpdate" tests="1" failures="0" timestamp="3 May 2025 06:26:32 GMT" time="6.736" errors="0">
  <testcase name="updateMenu" time="6.736" classname="com.menumitratCommonAPITestScript.MenuUpdate"/>
</testsuite> <!-- com.menumitratCommonAPITestScript.MenuUpdate -->
