<?xml version="1.0" encoding="UTF-8"?>
<!-- Generated by org.testng.reporters.JUnitReportReporter -->
<testsuite hostname="LAPTOP-G790OGBU" name="com.menumitratCommonAPITestScript.OutletTypeTestScript" tests="1" failures="0" timestamp="5 May 2025 08:21:13 GMT" time="0.119" errors="0">
  <testcase name="verifyOutletType" time="0.119" classname="com.menumitratCommonAPITestScript.OutletTypeTestScript"/>
</testsuite> <!-- com.menumitratCommonAPITestScript.OutletTypeTestScript -->
