<?xml version="1.0" encoding="UTF-8"?>
<!-- Generated by org.testng.reporters.JUnitReportReporter -->
<testsuite hostname="LAPTOP-G790OGBU" name="com.menumitratCommonAPITestScript.TicketListViewTestScript" tests="1" failures="0" timestamp="4 May 2025 09:42:13 GMT" time="2.270" errors="0">
  <testcase name="ticketListViewTest" time="2.270" classname="com.menumitratCommonAPITestScript.TicketListViewTestScript"/>
</testsuite> <!-- com.menumitratCommonAPITestScript.TicketListViewTestScript -->
