<?xml version="1.0" encoding="UTF-8"?>
<!-- Generated by org.testng.reporters.JUnitReportReporter -->
<testsuite hostname="LAPTOP-G790OGBU" name="com.menumitratCommonAPITestScript.UpdateProfileDetailTestScript" tests="1" failures="0" timestamp="3 May 2025 12:05:23 GMT" time="3.124" errors="0">
  <testcase name="verifyUpdateProfileDetail" time="3.124" classname="com.menumitratCommonAPITestScript.UpdateProfileDetailTestScript"/>
</testsuite> <!-- com.menumitratCommonAPITestScript.UpdateProfileDetailTestScript -->
