<?xml version="1.0" encoding="UTF-8"?>
<!-- Generated by org.testng.reporters.JUnitReportReporter -->
<testsuite hostname="LAPTOP-G790OGBU" name="com.menumitratCommonAPITestScript.GetSupplierListTestScript" tests="1" failures="0" timestamp="2 May 2025 17:47:42 GMT" time="1.842" errors="0">
  <testcase name="getSupplierList" time="1.842" classname="com.menumitratCommonAPITestScript.GetSupplierListTestScript"/>
</testsuite> <!-- com.menumitratCommonAPITestScript.GetSupplierListTestScript -->
