<?xml version="1.0" encoding="UTF-8"?>
<!-- Generated by org.testng.reporters.JUnitReportReporter -->
<testsuite hostname="LAPTOP-G790OGBU" name="com.menumitratCommonAPITestScript.MakeMenuSpecialNonSpecial" tests="1" failures="0" timestamp="3 May 2025 10:02:37 GMT" time="0.502" errors="0">
  <testcase name="verifyMakeMenuSpecialNonSpecial" time="0.502" classname="com.menumitratCommonAPITestScript.MakeMenuSpecialNonSpecial"/>
</testsuite> <!-- com.menumitratCommonAPITestScript.MakeMenuSpecialNonSpecial -->
