<?xml version="1.0" encoding="UTF-8"?>
<!-- Generated by org.testng.reporters.JUnitReportReporter -->
<testsuite hostname="LAPTOP-G790OGBU" name="com.menumitratCommonAPITestScript.DefaultUserSettingsTestScript" tests="1" failures="0" timestamp="9 May 2025 06:01:24 GMT" time="0.136" errors="0">
  <testcase name="defaultUserSettingsTest" time="0.136" classname="com.menumitratCommonAPITestScript.DefaultUserSettingsTestScript"/>
</testsuite> <!-- com.menumitratCommonAPITestScript.DefaultUserSettingsTestScript -->
