<?xml version="1.0" encoding="UTF-8"?>
<!-- Generated by org.testng.reporters.JUnitReportReporter -->
<testsuite hostname="LAPTOP-G790OGBU" name="com.menumitratCommonAPITestScript.SearchMenu" tests="2" failures="0" timestamp="9 May 2025 06:01:24 GMT" time="0.295" errors="0">
  <testcase name="verifySearchMenu" time="0.141" classname="com.menumitratCommonAPITestScript.SearchMenu"/>
  <testcase name="searchMenuNegativeTest" time="0.154" classname="com.menumitratCommonAPITestScript.SearchMenu"/>
</testsuite> <!-- com.menumitratCommonAPITestScript.SearchMenu -->
