<?xml version="1.0" encoding="UTF-8"?>
<!-- Generated by org.testng.reporters.JUnitReportReporter -->
<testsuite hostname="LAPTOP-G790OGBU" name="com.menumitratCommonAPITestScript.ChefUpdateTestScript" tests="1" failures="0" timestamp="4 May 2025 08:44:42 GMT" time="4.076" errors="0">
  <testcase name="updateChef" time="4.076" classname="com.menumitratCommonAPITestScript.ChefUpdateTestScript"/>
</testsuite> <!-- com.menumitratCommonAPITestScript.ChefUpdateTestScript -->
