<?xml version="1.0" encoding="UTF-8"?>
<!-- Generated by org.testng.reporters.JUnitReportReporter -->
<testsuite hostname="LAPTOP-G790OGBU" name="com.menumitratCommonAPITestScript.OutletSettingsViewTestScript" tests="2" failures="0" timestamp="9 May 2025 06:01:24 GMT" time="0.263" errors="0">
  <testcase name="outletSettingsView" time="0.132" classname="com.menumitratCommonAPITestScript.OutletSettingsViewTestScript"/>
  <testcase name="outletSettingsViewNegativeTest" time="0.131" classname="com.menumitratCommonAPITestScript.OutletSettingsViewTestScript"/>
</testsuite> <!-- com.menumitratCommonAPITestScript.OutletSettingsViewTestScript -->
