<?xml version="1.0" encoding="UTF-8"?>
<!-- Generated by org.testng.reporters.JUnitReportReporter -->
<testsuite hostname="LAPTOP-G790OGBU" name="com.menumitratCommonAPITestScript.MenuListView" tests="1" failures="0" timestamp="3 May 2025 10:45:45 GMT" time="0.801" errors="0">
  <testcase name="verifyMenuListView" time="0.801" classname="com.menumitratCommonAPITestScript.MenuListView"/>
</testsuite> <!-- com.menumitratCommonAPITestScript.MenuListView -->
