<?xml version="1.0" encoding="UTF-8"?>
<!-- Generated by org.testng.reporters.JUnitReportReporter -->
<testsuite hostname="LAPTOP-G790OGBU" name="com.menumitratCommonAPITestScript.SearchMenu" tests="2" failures="0" timestamp="6 May 2025 13:43:54 GMT" time="1.195" errors="0">
  <testcase name="searchMenuNegativeTest" time="0.345" classname="com.menumitratCommonAPITestScript.SearchMenu"/>
  <testcase name="verifySearchMenu" time="0.850" classname="com.menumitratCommonAPITestScript.SearchMenu"/>
</testsuite> <!-- com.menumitratCommonAPITestScript.SearchMenu -->
