<?xml version="1.0" encoding="UTF-8"?>
<!-- Generated by org.testng.reporters.JUnitReportReporter -->
<testsuite hostname="LAPTOP-G790OGBU" name="com.menumitratCommonAPITestScript.MenuCategorysTestScript" tests="1" failures="0" timestamp="5 May 2025 08:21:13 GMT" time="0.433" errors="0">
  <testcase name="verifyMenuCategorys" time="0.433" classname="com.menumitratCommonAPITestScript.MenuCategorysTestScript"/>
</testsuite> <!-- com.menumitratCommonAPITestScript.MenuCategorysTestScript -->
