<?xml version="1.0" encoding="UTF-8"?>
<!-- Generated by org.testng.reporters.JUnitReportReporter -->
<testsuite hostname="LAPTOP-G790OGBU" name="com.menumitratCommonAPITestScript.InventoryUpdateTestScript" tests="1" failures="0" timestamp="7 May 2025 14:08:07 GMT" time="2.183" errors="0">
  <testcase name="updateInventory" time="2.183" classname="com.menumitratCommonAPITestScript.InventoryUpdateTestScript"/>
</testsuite> <!-- com.menumitratCommonAPITestScript.InventoryUpdateTestScript -->
