<?xml version="1.0" encoding="UTF-8"?>
<!-- Generated by org.testng.reporters.JUnitReportReporter -->
<testsuite hostname="LAPTOP-G790OGBU" name="com.menumitratCommonAPITestScript.GetTableListTestScript" tests="3" failures="0" timestamp="9 May 2025 06:01:25 GMT" time="0.406" errors="0">
  <testcase name="tableListViewNegativeTest" time="0.128" classname="com.menumitratCommonAPITestScript.GetTableListTestScript"/>
  <testcase name="tableListViewNegativeTest" time="0.137" classname="com.menumitratCommonAPITestScript.GetTableListTestScript"/>
  <testcase name="verifyTableListView" time="0.141" classname="com.menumitratCommonAPITestScript.GetTableListTestScript"/>
</testsuite> <!-- com.menumitratCommonAPITestScript.GetTableListTestScript -->
