<?xml version="1.0" encoding="UTF-8"?>
<!-- Generated by org.testng.reporters.JUnitReportReporter -->
<testsuite hostname="LAPTOP-G790OGBU" name="com.menumitratCommonAPITestScript.OutletSettingsViewTestScript" tests="1" failures="0" timestamp="4 May 2025 11:35:29 GMT" time="3.906" errors="0">
  <testcase name="outletSettingsView" time="3.906" classname="com.menumitratCommonAPITestScript.OutletSettingsViewTestScript"/>
</testsuite> <!-- com.menumitratCommonAPITestScript.OutletSettingsViewTestScript -->
