<?xml version="1.0" encoding="UTF-8"?>
<!-- Generated by org.testng.reporters.JUnitReportReporter -->
<testsuite hostname="LAPTOP-G790OGBU" name="com.menumitratCommonAPITestScript.PosDetailsTestScript" tests="2" failures="0" timestamp="7 May 2025 12:45:12 GMT" time="4.240" errors="0">
  <testcase name="posDetailsNegativeTest" time="0.444" classname="com.menumitratCommonAPITestScript.PosDetailsTestScript"/>
  <testcase name="posDetailsTest" time="3.796" classname="com.menumitratCommonAPITestScript.PosDetailsTestScript"/>
</testsuite> <!-- com.menumitratCommonAPITestScript.PosDetailsTestScript -->
