<?xml version="1.0" encoding="UTF-8"?>
<!-- Generated by org.testng.reporters.JUnitReportReporter -->
<testsuite hostname="LAPTOP-G790OGBU" name="com.menumitratCommonAPITestScript.SelectTemplateTestScript" tests="1" failures="0" timestamp="4 May 2025 11:51:03 GMT" time="7.369" errors="0">
  <testcase name="selectTemplateUsingValidInputData" time="7.369" classname="com.menumitratCommonAPITestScript.SelectTemplateTestScript"/>
</testsuite> <!-- com.menumitratCommonAPITestScript.SelectTemplateTestScript -->
