<?xml version="1.0" encoding="UTF-8"?>
<!-- Generated by org.testng.reporters.JUnitReportReporter -->
<testsuite hostname="LAPTOP-G790OGBU" name="com.menumitratCommonAPITestScript.TicketViewTestScript" tests="2" failures="0" timestamp="7 May 2025 09:31:50 GMT" time="3.747" errors="0">
  <testcase name="ticketViewNegativeTest" time="3.469" classname="com.menumitratCommonAPITestScript.TicketViewTestScript"/>
  <testcase name="ticketViewTest" time="0.278" classname="com.menumitratCommonAPITestScript.TicketViewTestScript"/>
</testsuite> <!-- com.menumitratCommonAPITestScript.TicketViewTestScript -->
