<?xml version="1.0" encoding="UTF-8"?>
<!-- Generated by org.testng.reporters.JUnitReportReporter -->
<testsuite hostname="LAPTOP-G790OGBU" name="com.menumitratCommonAPITestScript.UpdateOrderTestScript" tests="5" failures="0" timestamp="5 May 2025 08:21:13 GMT" time="1.870" errors="0">
  <testcase name="updateDineInOrder" time="0.948" classname="com.menumitratCommonAPITestScript.UpdateOrderTestScript"/>
  <testcase name="updateDriveThroughOrder" time="0.186" classname="com.menumitratCommonAPITestScript.UpdateOrderTestScript"/>
  <testcase name="updateParcelOrder" time="0.245" classname="com.menumitratCommonAPITestScript.UpdateOrderTestScript"/>
  <testcase name="updateCounterOrder" time="0.218" classname="com.menumitratCommonAPITestScript.UpdateOrderTestScript"/>
  <testcase name="updateDeliveryOrder" time="0.273" classname="com.menumitratCommonAPITestScript.UpdateOrderTestScript"/>
</testsuite> <!-- com.menumitratCommonAPITestScript.UpdateOrderTestScript -->
