<?xml version="1.0" encoding="UTF-8"?>
<!-- Generated by org.testng.reporters.JUnitReportReporter -->
<testsuite hostname="LAPTOP-G790OGBU" name="com.menumitratCommonAPITestScript.MenuCategoryUpdateTestScript" tests="2" failures="0" timestamp="9 May 2025 06:01:25 GMT" time="0.271" errors="0">
  <testcase name="menuCategoryUpdateNegativeTest" time="0.129" classname="com.menumitratCommonAPITestScript.MenuCategoryUpdateTestScript"/>
  <testcase name="menuCategoryUpdateNegativeTest" time="0.142" classname="com.menumitratCommonAPITestScript.MenuCategoryUpdateTestScript"/>
</testsuite> <!-- com.menumitratCommonAPITestScript.MenuCategoryUpdateTestScript -->
