<?xml version="1.0" encoding="UTF-8"?>
<!-- Generated by org.testng.reporters.JUnitReportReporter -->
<testsuite hostname="LAPTOP-G790OGBU" name="com.menumitratCommonAPITestScript.UpdateProfileDetailTestScript" tests="7" failures="0" timestamp="7 May 2025 05:06:07 GMT" time="7.785" errors="0">
  <testcase name="updateProfileDetailNegativeTest" time="1.123" classname="com.menumitratCommonAPITestScript.UpdateProfileDetailTestScript"/>
  <testcase name="verifyUpdateProfileDetail" time="1.436" classname="com.menumitratCommonAPITestScript.UpdateProfileDetailTestScript"/>
  <testcase name="updateProfileDetailNegativeTest" time="0.737" classname="com.menumitratCommonAPITestScript.UpdateProfileDetailTestScript"/>
  <testcase name="updateProfileDetailNegativeTest" time="0.793" classname="com.menumitratCommonAPITestScript.UpdateProfileDetailTestScript"/>
  <testcase name="updateProfileDetailNegativeTest" time="0.602" classname="com.menumitratCommonAPITestScript.UpdateProfileDetailTestScript"/>
  <testcase name="updateProfileDetailNegativeTest" time="2.302" classname="com.menumitratCommonAPITestScript.UpdateProfileDetailTestScript"/>
  <testcase name="updateProfileDetailNegativeTest" time="0.792" classname="com.menumitratCommonAPITestScript.UpdateProfileDetailTestScript"/>
</testsuite> <!-- com.menumitratCommonAPITestScript.UpdateProfileDetailTestScript -->
