<?xml version="1.0" encoding="UTF-8"?>
<!-- Generated by org.testng.reporters.JUnitReportReporter -->
<testsuite hostname="LAPTOP-G790OGBU" name="com.menumitratCommonAPITestScript.ContinueChatTestScript" tests="1" failures="0" timestamp="4 May 2025 09:44:26 GMT" time="3.769" errors="0">
  <testcase name="continueChatTest" time="3.769" classname="com.menumitratCommonAPITestScript.ContinueChatTestScript"/>
</testsuite> <!-- com.menumitratCommonAPITestScript.ContinueChatTestScript -->
