<?xml version="1.0" encoding="UTF-8"?>
<!-- Generated by org.testng.reporters.JUnitReportReporter -->
<testsuite hostname="LAPTOP-G790OGBU" name="com.menumitratCommonAPITestScript.MenuCategorysTestScript" tests="1" failures="0" timestamp="4 May 2025 06:42:17 GMT" time="1.954" errors="0">
  <testcase name="verifyMenuCategorys" time="1.954" classname="com.menumitratCommonAPITestScript.MenuCategorysTestScript"/>
</testsuite> <!-- com.menumitratCommonAPITestScript.MenuCategorysTestScript -->
