<?xml version="1.0" encoding="UTF-8"?>
<!-- Generated by org.testng.reporters.JUnitReportReporter -->
<testsuite hostname="LAPTOP-G790OGBU" name="com.menumitratCommonAPITestScript.GetMenuList" tests="2" failures="0" timestamp="6 May 2025 13:54:47 GMT" time="2.295" errors="0">
  <testcase name="getMenuListNegativeTest" time="1.089" classname="com.menumitratCommonAPITestScript.GetMenuList"/>
  <testcase name="verifyMenuList" time="1.206" classname="com.menumitratCommonAPITestScript.GetMenuList"/>
</testsuite> <!-- com.menumitratCommonAPITestScript.GetMenuList -->
