<?xml version="1.0" encoding="UTF-8"?>
<!-- Generated by org.testng.reporters.JUnitReportReporter -->
<testsuite hostname="LAPTOP-G790OGBU" name="com.menumitratCommonAPITestScript.ViewProfileTestScript" tests="1" failures="0" timestamp="5 May 2025 08:21:13 GMT" time="1.263" errors="0">
  <testcase name="verifyViewProfile" time="1.263" classname="com.menumitratCommonAPITestScript.ViewProfileTestScript"/>
</testsuite> <!-- com.menumitratCommonAPITestScript.ViewProfileTestScript -->
