<?xml version="1.0" encoding="UTF-8"?>
<!-- Generated by org.testng.reporters.JUnitReportReporter -->
<testsuite hostname="LAPTOP-G790OGBU" name="com.menumitratCommonAPITestScript.ChangeSettingsTestScript" tests="1" failures="0" timestamp="4 May 2025 09:15:51 GMT" time="2.241" errors="0">
  <testcase name="changeSettingsTest" time="2.241" classname="com.menumitratCommonAPITestScript.ChangeSettingsTestScript"/>
</testsuite> <!-- com.menumitratCommonAPITestScript.ChangeSettingsTestScript -->
