<?xml version="1.0" encoding="UTF-8"?>
<!-- Generated by org.testng.reporters.JUnitReportReporter -->
<testsuite hostname="LAPTOP-G790OGBU" name="com.menumitratCommonAPITestScript.TotalTicketsTestScript" tests="1" failures="0" timestamp="4 May 2025 09:46:01 GMT" time="1.826" errors="0">
  <testcase name="totalTicketsTest" time="1.826" classname="com.menumitratCommonAPITestScript.TotalTicketsTestScript"/>
</testsuite> <!-- com.menumitratCommonAPITestScript.TotalTicketsTestScript -->
