<?xml version="1.0" encoding="UTF-8"?>
<!-- Generated by org.testng.reporters.JUnitReportReporter -->
<testsuite hostname="LAPTOP-G790OGBU" name="com.menumitratCommonAPITestScript.GetRatingList" tests="1" failures="0" timestamp="5 May 2025 05:25:05 GMT" time="0.006" errors="0">
  <testcase name="verifyRatingList" time="0.006" classname="com.menumitratCommonAPITestScript.GetRatingList"/>
</testsuite> <!-- com.menumitratCommonAPITestScript.GetRatingList -->
