<?xml version="1.0" encoding="UTF-8"?>
<!-- Generated by org.testng.reporters.JUnitReportReporter -->
<testsuite hostname="LAPTOP-G790OGBU" name="com.menumitratCommonAPITestScript.ForceCancelOrderTestScript" tests="1" failures="0" timestamp="4 May 2025 10:57:11 GMT" time="4.321" errors="0">
  <testcase name="forceCancelOrderTest" time="4.321" classname="com.menumitratCommonAPITestScript.ForceCancelOrderTestScript"/>
</testsuite> <!-- com.menumitratCommonAPITestScript.ForceCancelOrderTestScript -->
