<?xml version="1.0" encoding="UTF-8"?>
<!-- Generated by org.testng.reporters.JUnitReportReporter -->
<testsuite hostname="LAPTOP-G790OGBU" name="com.menumitratCommonAPITestScript.SupplierStatusChoicesTestScript" tests="1" failures="0" timestamp="9 May 2025 06:01:25 GMT" time="0.114" errors="0">
  <testcase name="testSupplierStatusChoices" time="0.114" classname="com.menumitratCommonAPITestScript.SupplierStatusChoicesTestScript"/>
</testsuite> <!-- com.menumitratCommonAPITestScript.SupplierStatusChoicesTestScript -->
