<?xml version="1.0" encoding="UTF-8"?>
<!-- Generated by org.testng.reporters.JUnitReportReporter -->
<testsuite hostname="LAPTOP-G790OGBU" name="com.menumitratCommonAPITestScript.ChefListViewTestScript" tests="2" failures="0" timestamp="9 May 2025 06:01:25 GMT" time="0.276" errors="0">
  <testcase name="chefListViewNegativeTest" time="0.138" classname="com.menumitratCommonAPITestScript.ChefListViewTestScript"/>
  <testcase name="chefListViewTest" time="0.138" classname="com.menumitratCommonAPITestScript.ChefListViewTestScript"/>
</testsuite> <!-- com.menumitratCommonAPITestScript.ChefListViewTestScript -->
