<?xml version="1.0" encoding="UTF-8"?>
<!-- Generated by org.testng.reporters.JUnitReportReporter -->
<testsuite hostname="LAPTOP-G790OGBU" name="com.menumitratCommonAPITestScript.GetAvailableTablesTestScript" tests="1" failures="0" timestamp="4 May 2025 09:59:05 GMT" time="3.552" errors="0">
  <testcase name="getAvailableTablesTest" time="3.552" classname="com.menumitratCommonAPITestScript.GetAvailableTablesTestScript"/>
</testsuite> <!-- com.menumitratCommonAPITestScript.GetAvailableTablesTestScript -->
