<?xml version="1.0" encoding="UTF-8"?>
<!-- Generated by org.testng.reporters.JUnitReportReporter -->
<testsuite hostname="LAPTOP-G790OGBU" name="com.menumitratCommonAPITestScript.InventoryListViewTestScript" tests="1" failures="0" timestamp="4 May 2025 16:02:07 GMT" time="1.908" errors="0">
  <testcase name="verifyInventoryList" time="1.908" classname="com.menumitratCommonAPITestScript.InventoryListViewTestScript"/>
</testsuite> <!-- com.menumitratCommonAPITestScript.InventoryListViewTestScript -->
