<?xml version="1.0" encoding="UTF-8"?>
<!-- Generated by org.testng.reporters.JUnitReportReporter -->
<testsuite hostname="LAPTOP-G790OGBU" name="com.menumitratCommonAPITestScript.GetMenuList" tests="1" failures="0" timestamp="3 May 2025 10:01:57 GMT" time="0.569" errors="0">
  <testcase name="verifyMenuList" time="0.569" classname="com.menumitratCommonAPITestScript.GetMenuList"/>
</testsuite> <!-- com.menumitratCommonAPITestScript.GetMenuList -->
