<?xml version="1.0" encoding="UTF-8"?>
<!-- Generated by org.testng.reporters.JUnitReportReporter -->
<testsuite hostname="LAPTOP-G790OGBU" name="com.menumitratCommonAPITestScript.CheckTableIsReservedTestScript" tests="1" failures="0" timestamp="5 May 2025 08:21:13 GMT" time="3.805" errors="0">
  <testcase name="checkIfTableIsReserved" time="3.805" classname="com.menumitratCommonAPITestScript.CheckTableIsReservedTestScript"/>
</testsuite> <!-- com.menumitratCommonAPITestScript.CheckTableIsReservedTestScript -->
