<?xml version="1.0" encoding="UTF-8"?>
<!-- Generated by org.testng.reporters.JUnitReportReporter -->
<testsuite hostname="LAPTOP-G790OGBU" name="com.menumitratCommonAPITestScript.StaffViewTestScript" tests="2" failures="0" timestamp="9 May 2025 06:01:25 GMT" time="0.260" errors="0">
  <testcase name="verifyStaffViewNegative" time="0.125" classname="com.menumitratCommonAPITestScript.StaffViewTestScript"/>
  <testcase name="verifyStaffView" time="0.135" classname="com.menumitratCommonAPITestScript.StaffViewTestScript"/>
</testsuite> <!-- com.menumitratCommonAPITestScript.StaffViewTestScript -->
