<?xml version="1.0" encoding="UTF-8"?>
<!-- Generated by org.testng.reporters.JUnitReportReporter -->
<testsuite hostname="LAPTOP-G790OGBU" name="com.menumitratCommonAPITestScript.OrderListViewCdskdsTestScript" tests="1" failures="0" timestamp="5 May 2025 05:15:12 GMT" time="3.530" errors="0">
  <testcase name="orderListViewCdskdsTest" time="3.530" classname="com.menumitratCommonAPITestScript.OrderListViewCdskdsTestScript"/>
</testsuite> <!-- com.menumitratCommonAPITestScript.OrderListViewCdskdsTestScript -->
