<?xml version="1.0" encoding="UTF-8"?>
<!-- Generated by org.testng.reporters.JUnitReportReporter -->
<testsuite hostname="LAPTOP-G790OGBU" name="com.menumitratCommonAPITestScript.CheckTableIsReservedTestScript" tests="5" failures="0" timestamp="7 May 2025 10:51:29 GMT" time="2.953" errors="2">
  <testcase name="checkIfTableIsReserved" time="1.484" classname="com.menumitratCommonAPITestScript.CheckTableIsReservedTestScript"/>
  <testcase name="checkTableIsReservedNegativeTest" time="0.814" classname="com.menumitratCommonAPITestScript.CheckTableIsReservedTestScript"/>
  <testcase name="checkTableIsReservedNegativeTest" time="0.002" classname="com.menumitratCommonAPITestScript.CheckTableIsReservedTestScript">
    <error type="com.menumitra.utilityclass.customException" message="Error in check table is reserved negative test: JSONObject[&quot;table_id&quot;] is not a int (class java.lang.String : ).">
      <![CDATA[com.menumitra.utilityclass.customException: Error in check table is reserved negative test: JSONObject["table_id"] is not a int (class java.lang.String : ).
	at com.menumitratCommonAPITestScript.CheckTableIsReservedTestScript.checkTableIsReservedNegativeTest(CheckTableIsReservedTestScript.java:369)
	at sun.reflect.NativeMethodAccessorImpl.invoke0(Native Method)
	at sun.reflect.NativeMethodAccessorImpl.invoke(Unknown Source)
	at sun.reflect.DelegatingMethodAccessorImpl.invoke(Unknown Source)
	at java.lang.reflect.Method.invoke(Unknown Source)
	at org.testng.internal.MethodInvocationHelper.invokeMethod(MethodInvocationHelper.java:86)
	at org.testng.internal.Invoker.invokeMethod(Invoker.java:643)
	at org.testng.internal.Invoker.invokeTestMethod(Invoker.java:820)
	at org.testng.internal.Invoker.invokeTestMethods(Invoker.java:1128)
	at org.testng.internal.TestMethodWorker.invokeTestMethods(TestMethodWorker.java:129)
	at org.testng.internal.TestMethodWorker.run(TestMethodWorker.java:112)
	at org.testng.TestRunner.privateRun(TestRunner.java:782)
	at org.testng.TestRunner.run(TestRunner.java:632)
	at org.testng.SuiteRunner.runTest(SuiteRunner.java:366)
	at org.testng.SuiteRunner.runSequentially(SuiteRunner.java:361)
	at org.testng.SuiteRunner.privateRun(SuiteRunner.java:319)
	at org.testng.SuiteRunner.run(SuiteRunner.java:268)
	at org.testng.SuiteRunnerWorker.runSuite(SuiteRunnerWorker.java:52)
	at org.testng.SuiteRunnerWorker.run(SuiteRunnerWorker.java:86)
	at org.testng.TestNG.runSuitesSequentially(TestNG.java:1244)
	at org.testng.TestNG.runSuitesLocally(TestNG.java:1169)
	at org.testng.TestNG.run(TestNG.java:1064)
	at org.testng.remote.RemoteTestNG.run(RemoteTestNG.java:113)
	at org.testng.remote.RemoteTestNG.initAndRun(RemoteTestNG.java:206)
	at org.testng.remote.RemoteTestNG.main(RemoteTestNG.java:177)
]]>
    </error>
  </testcase> <!-- checkTableIsReservedNegativeTest -->
  <testcase name="checkTableIsReservedNegativeTest" time="0.644" classname="com.menumitratCommonAPITestScript.CheckTableIsReservedTestScript"/>
  <testcase name="checkTableIsReservedNegativeTest" time="0.009" classname="com.menumitratCommonAPITestScript.CheckTableIsReservedTestScript">
    <error type="com.menumitra.utilityclass.customException" message="Error in check table is reserved negative test: JSONObject[&quot;table_id&quot;] is not a int (class java.lang.String : ).">
      <![CDATA[com.menumitra.utilityclass.customException: Error in check table is reserved negative test: JSONObject["table_id"] is not a int (class java.lang.String : ).
	at com.menumitratCommonAPITestScript.CheckTableIsReservedTestScript.checkTableIsReservedNegativeTest(CheckTableIsReservedTestScript.java:369)
	at sun.reflect.NativeMethodAccessorImpl.invoke0(Native Method)
	at sun.reflect.NativeMethodAccessorImpl.invoke(Unknown Source)
	at sun.reflect.DelegatingMethodAccessorImpl.invoke(Unknown Source)
	at java.lang.reflect.Method.invoke(Unknown Source)
	at org.testng.internal.MethodInvocationHelper.invokeMethod(MethodInvocationHelper.java:86)
	at org.testng.internal.Invoker.invokeMethod(Invoker.java:643)
	at org.testng.internal.Invoker.invokeTestMethod(Invoker.java:820)
	at org.testng.internal.Invoker.invokeTestMethods(Invoker.java:1128)
	at org.testng.internal.TestMethodWorker.invokeTestMethods(TestMethodWorker.java:129)
	at org.testng.internal.TestMethodWorker.run(TestMethodWorker.java:112)
	at org.testng.TestRunner.privateRun(TestRunner.java:782)
	at org.testng.TestRunner.run(TestRunner.java:632)
	at org.testng.SuiteRunner.runTest(SuiteRunner.java:366)
	at org.testng.SuiteRunner.runSequentially(SuiteRunner.java:361)
	at org.testng.SuiteRunner.privateRun(SuiteRunner.java:319)
	at org.testng.SuiteRunner.run(SuiteRunner.java:268)
	at org.testng.SuiteRunnerWorker.runSuite(SuiteRunnerWorker.java:52)
	at org.testng.SuiteRunnerWorker.run(SuiteRunnerWorker.java:86)
	at org.testng.TestNG.runSuitesSequentially(TestNG.java:1244)
	at org.testng.TestNG.runSuitesLocally(TestNG.java:1169)
	at org.testng.TestNG.run(TestNG.java:1064)
	at org.testng.remote.RemoteTestNG.run(RemoteTestNG.java:113)
	at org.testng.remote.RemoteTestNG.initAndRun(RemoteTestNG.java:206)
	at org.testng.remote.RemoteTestNG.main(RemoteTestNG.java:177)
]]>
    </error>
  </testcase> <!-- checkTableIsReservedNegativeTest -->
</testsuite> <!-- com.menumitratCommonAPITestScript.CheckTableIsReservedTestScript -->
