<?xml version="1.0" encoding="UTF-8"?>
<!-- Generated by org.testng.reporters.JUnitReportReporter -->
<testsuite hostname="LAPTOP-G790OGBU" name="com.menumitratCommonAPITestScript.InventoryCategoryListView" tests="1" failures="0" timestamp="2 May 2025 19:19:40 GMT" time="0.372" errors="0">
  <testcase name="getInventoryCategoryList" time="0.372" classname="com.menumitratCommonAPITestScript.InventoryCategoryListView"/>
</testsuite> <!-- com.menumitratCommonAPITestScript.InventoryCategoryListView -->
