<?xml version="1.0" encoding="UTF-8"?>
<!-- Generated by org.testng.reporters.JUnitReportReporter -->
<testsuite hostname="LAPTOP-G790OGBU" name="com.menumitratCommonAPITestScript.GetAvailableTablesTestScript" tests="4" failures="0" timestamp="9 May 2025 06:01:24 GMT" time="0.472" errors="0">
  <testcase name="getAvailableTablesNegativeTest" time="0.117" classname="com.menumitratCommonAPITestScript.GetAvailableTablesTestScript"/>
  <testcase name="getAvailableTablesNegativeTest" time="0.110" classname="com.menumitratCommonAPITestScript.GetAvailableTablesTestScript"/>
  <testcase name="getAvailableTablesNegativeTest" time="0.124" classname="com.menumitratCommonAPITestScript.GetAvailableTablesTestScript"/>
  <testcase name="getAvailableTablesTest" time="0.121" classname="com.menumitratCommonAPITestScript.GetAvailableTablesTestScript"/>
</testsuite> <!-- com.menumitratCommonAPITestScript.GetAvailableTablesTestScript -->
