<?xml version="1.0" encoding="UTF-8"?>
<!-- Generated by org.testng.reporters.JUnitReportReporter -->
<testsuite hostname="LAPTOP-G790OGBU" name="com.menumitratCommonAPITestScript.orderListViewSetUp" tests="1" failures="0" timestamp="5 May 2025 08:21:13 GMT" time="14.863" errors="0">
  <testcase name="orderListViewTest" time="14.863" classname="com.menumitratCommonAPITestScript.orderListViewSetUp"/>
</testsuite> <!-- com.menumitratCommonAPITestScript.orderListViewSetUp -->
