<?xml version="1.0" encoding="UTF-8"?>
<!-- Generated by org.testng.reporters.JUnitReportReporter -->
<testsuite hostname="LAPTOP-G790OGBU" name="com.menumitratCommonAPITestScript.OutletSettingsViewTestScript" tests="2" failures="0" timestamp="7 May 2025 11:24:29 GMT" time="1.599" errors="0">
  <testcase name="outletSettingsViewNegativeTest" time="0.608" classname="com.menumitratCommonAPITestScript.OutletSettingsViewTestScript"/>
  <testcase name="outletSettingsView" time="0.991" classname="com.menumitratCommonAPITestScript.OutletSettingsViewTestScript"/>
</testsuite> <!-- com.menumitratCommonAPITestScript.OutletSettingsViewTestScript -->
