<?xml version="1.0" encoding="UTF-8"?>
<!-- Generated by org.testng.reporters.JUnitReportReporter -->
<testsuite hostname="LAPTOP-G790OGBU" name="com.menumitratCommonAPITestScript.CaptainCreateTestScript" tests="1" failures="0" timestamp="4 May 2025 08:11:03 GMT" time="3.003" errors="0">
  <testcase name="captainCreateTest" time="3.003" classname="com.menumitratCommonAPITestScript.CaptainCreateTestScript"/>
</testsuite> <!-- com.menumitratCommonAPITestScript.CaptainCreateTestScript -->
