<?xml version="1.0" encoding="UTF-8"?>
<!-- Generated by org.testng.reporters.JUnitReportReporter -->
<testsuite hostname="LAPTOP-G790OGBU" name="com.menumitratCommonAPITestScript.InventoryListViewTestScript" tests="2" failures="0" timestamp="9 May 2025 06:01:25 GMT" time="0.253" errors="0">
  <testcase name="inventoryListViewNegativeTest" time="0.129" classname="com.menumitratCommonAPITestScript.InventoryListViewTestScript"/>
  <testcase name="verifyInventoryList" time="0.124" classname="com.menumitratCommonAPITestScript.InventoryListViewTestScript"/>
</testsuite> <!-- com.menumitratCommonAPITestScript.InventoryListViewTestScript -->
