<?xml version="1.0" encoding="UTF-8"?>
<!-- Generated by org.testng.reporters.JUnitReportReporter -->
<testsuite hostname="LAPTOP-G790OGBU" name="com.menumitratCommonAPITestScript.TableCreateTestScript" tests="1" failures="0" timestamp="2 May 2025 13:36:16 GMT" time="2.664" errors="0">
  <testcase name="verifyTableCreate" time="2.664" classname="com.menumitratCommonAPITestScript.TableCreateTestScript"/>
</testsuite> <!-- com.menumitratCommonAPITestScript.TableCreateTestScript -->
