<?xml version="1.0" encoding="UTF-8"?>
<!-- Generated by org.testng.reporters.JUnitReportReporter -->
<testsuite hostname="LAPTOP-G790OGBU" name="com.menumitratCommonAPITestScript.InventoryUpdateTestScript" tests="1" failures="0" timestamp="2 May 2025 18:38:42 GMT" time="0.607" errors="0">
  <testcase name="updateInventory" time="0.607" classname="com.menumitratCommonAPITestScript.InventoryUpdateTestScript"/>
</testsuite> <!-- com.menumitratCommonAPITestScript.InventoryUpdateTestScript -->
