<?xml version="1.0" encoding="UTF-8"?>
<!-- Generated by org.testng.reporters.JUnitReportReporter -->
<testsuite hostname="LAPTOP-G790OGBU" name="com.menumitratCommonAPITestScript.SendQRLinkTestScript" tests="1" failures="0" timestamp="4 May 2025 10:42:51 GMT" time="4.520" errors="0">
  <testcase name="sendQRLinkTest" time="4.520" classname="com.menumitratCommonAPITestScript.SendQRLinkTestScript"/>
</testsuite> <!-- com.menumitratCommonAPITestScript.SendQRLinkTestScript -->
