<?xml version="1.0" encoding="UTF-8"?>
<!-- Generated by org.testng.reporters.JUnitReportReporter -->
<testsuite hostname="LAPTOP-G790OGBU" name="com.menumitratCommonAPITestScript.SearchMenu" tests="1" failures="0" timestamp="3 May 2025 10:10:00 GMT" time="0.386" errors="0">
  <testcase name="verifySearchMenu" time="0.386" classname="com.menumitratCommonAPITestScript.SearchMenu"/>
</testsuite> <!-- com.menumitratCommonAPITestScript.SearchMenu -->
