<?xml version="1.0" encoding="UTF-8"?>
<!-- Generated by org.testng.reporters.JUnitReportReporter -->
<testsuite hostname="LAPTOP-G790OGBU" name="com.menumitratCommonAPITestScript.CheckVersionTestScript" tests="3" failures="0" timestamp="7 May 2025 09:18:19 GMT" time="0.685" errors="0">
  <testcase name="checkVersionTest" time="0.245" classname="com.menumitratCommonAPITestScript.CheckVersionTestScript"/>
  <testcase name="checkVersionNegativeTest" time="0.226" classname="com.menumitratCommonAPITestScript.CheckVersionTestScript"/>
  <testcase name="checkVersionNegativeTest" time="0.214" classname="com.menumitratCommonAPITestScript.CheckVersionTestScript"/>
</testsuite> <!-- com.menumitratCommonAPITestScript.CheckVersionTestScript -->
