<?xml version="1.0" encoding="UTF-8"?>
<!-- Generated by org.testng.reporters.JUnitReportReporter -->
<testsuite hostname="LAPTOP-G790OGBU" name="com.menumitraOwnerAPITestScript.OwnerverifyOtpTestScript" tests="2" failures="0" timestamp="23 Apr 2025 04:59:15 GMT" time="0.274" errors="0">
  <testcase name="verifyOTPAPiUsingValidInputData" time="0.273" classname="com.menumitraOwnerAPITestScript.OwnerverifyOtpTestScript"/>
  <testcase name="getOwnerUrl" time="0.001" classname="com.menumitraOwnerAPITestScript.OwnerverifyOtpTestScript"/>
</testsuite> <!-- com.menumitraOwnerAPITestScript.OwnerverifyOtpTestScript -->
