<?xml version="1.0" encoding="UTF-8"?>
<!-- Generated by org.testng.reporters.JUnitReportReporter -->
<testsuite hostname="LAPTOP-G790OGBU" name="com.menumitratCommonAPITestScript.MenuCategoryUpdateTestScript" tests="1" failures="0" timestamp="3 May 2025 13:51:35 GMT" time="1.666" errors="0">
  <testcase name="updateMenuCategoryUsingValidInputData" time="1.666" classname="com.menumitratCommonAPITestScript.MenuCategoryUpdateTestScript"/>
</testsuite> <!-- com.menumitratCommonAPITestScript.MenuCategoryUpdateTestScript -->
