<?xml version="1.0" encoding="UTF-8"?>
<!-- Generated by org.testng.reporters.JUnitReportReporter -->
<testsuite hostname="LAPTOP-G790OGBU" name="com.menumitratCommonAPITestScript.StaffUpdateTestScript" tests="1" failures="0" timestamp="5 May 2025 13:38:21 GMT" time="1.072" errors="0">
  <testcase name="updateStaffUsingValidInputData" time="1.072" classname="com.menumitratCommonAPITestScript.StaffUpdateTestScript"/>
</testsuite> <!-- com.menumitratCommonAPITestScript.StaffUpdateTestScript -->
