<?xml version="1.0" encoding="UTF-8"?>
<!-- Generated by org.testng.reporters.JUnitReportReporter -->
<testsuite hostname="LAPTOP-G790OGBU" name="com.menumitratCommonAPITestScript.tableView" tests="2" failures="0" timestamp="6 May 2025 06:21:18 GMT" time="15.190" errors="0">
  <testcase name="tableViewNegativeTest" time="14.625" classname="com.menumitratCommonAPITestScript.tableView"/>
  <testcase name="verifyTableView" time="0.565" classname="com.menumitratCommonAPITestScript.tableView"/>
</testsuite> <!-- com.menumitratCommonAPITestScript.tableView -->
