<?xml version="1.0" encoding="UTF-8"?>
<!-- Generated by org.testng.reporters.JUnitReportReporter -->
<testsuite hostname="LAPTOP-G790OGBU" name="com.menumitratCommonAPITestScript.ViewProfileTestScript" tests="1" failures="0" timestamp="3 May 2025 12:14:19 GMT" time="1.658" errors="0">
  <testcase name="verifyViewProfile" time="1.658" classname="com.menumitratCommonAPITestScript.ViewProfileTestScript"/>
</testsuite> <!-- com.menumitratCommonAPITestScript.ViewProfileTestScript -->
