<?xml version="1.0" encoding="UTF-8"?>
<!-- Generated by org.testng.reporters.JUnitReportReporter -->
<testsuite hostname="LAPTOP-G790OGBU" name="com.menumitratCommonAPITestScript.MenuCategoryViewTestScript" tests="1" failures="0" timestamp="3 May 2025 14:05:06 GMT" time="3.836" errors="0">
  <testcase name="verifyMenuCategoryView" time="3.836" classname="com.menumitratCommonAPITestScript.MenuCategoryViewTestScript"/>
</testsuite> <!-- com.menumitratCommonAPITestScript.MenuCategoryViewTestScript -->
