<?xml version="1.0" encoding="UTF-8"?>
<!-- Generated by org.testng.reporters.JUnitReportReporter -->
<testsuite hostname="LAPTOP-G790OGBU" name="com.menumitratCommonAPITestScript.SupplierStatusChoicesTestScript" tests="1" failures="0" timestamp="3 May 2025 10:22:06 GMT" time="0.375" errors="0">
  <testcase name="testSupplierStatusChoices" time="0.375" classname="com.menumitratCommonAPITestScript.SupplierStatusChoicesTestScript"/>
</testsuite> <!-- com.menumitratCommonAPITestScript.SupplierStatusChoicesTestScript -->
