<?xml version="1.0" encoding="UTF-8"?>
<!-- Generated by org.testng.reporters.JUnitReportReporter -->
<testsuite hostname="LAPTOP-G790OGBU" name="com.menumitratCommonAPITestScript.CheckTableIsReservedTestScript" tests="3" failures="0" timestamp="9 May 2025 06:01:25 GMT" time="0.415" errors="0">
  <testcase name="checkTableIsReservedNegativeTest" time="0.137" classname="com.menumitratCommonAPITestScript.CheckTableIsReservedTestScript"/>
  <testcase name="checkTableIsReservedNegativeTest" time="0.141" classname="com.menumitratCommonAPITestScript.CheckTableIsReservedTestScript"/>
  <testcase name="checkIfTableIsReserved" time="0.137" classname="com.menumitratCommonAPITestScript.CheckTableIsReservedTestScript"/>
</testsuite> <!-- com.menumitratCommonAPITestScript.CheckTableIsReservedTestScript -->
