<?xml version="1.0" encoding="UTF-8"?>
<!-- Generated by org.testng.reporters.JUnitReportReporter -->
<testsuite hostname="LAPTOP-G790OGBU" name="com.menumitratCommonAPITestScript.OrderMenuDetailsTestScript" tests="2" failures="0" timestamp="5 May 2025 04:59:39 GMT" time="2.929" errors="0">
  <testcase name="verifyOrderMenuDetails" time="1.369" classname="com.menumitratCommonAPITestScript.OrderMenuDetailsTestScript"/>
  <testcase name="verifyOrderMenuDetails" time="1.560" classname="com.menumitratCommonAPITestScript.OrderMenuDetailsTestScript"/>
</testsuite> <!-- com.menumitratCommonAPITestScript.OrderMenuDetailsTestScript -->
