<?xml version="1.0" encoding="UTF-8"?>
<!-- Generated by org.testng.reporters.JUnitReportReporter -->
<testsuite hostname="LAPTOP-G790OGBU" name="com.menumitratCommonAPITestScript.UpdateMenuQuantity" tests="124" failures="0" timestamp="6 May 2025 13:24:54 GMT" time="1.014" errors="2">
  <testcase name="verifyUpdateMenuQuantity" time="0.001" classname="com.menumitratCommonAPITestScript.UpdateMenuQuantity"/>
  <testcase name="verifyUpdateMenuQuantity" time="0.001" classname="com.menumitratCommonAPITestScript.UpdateMenuQuantity"/>
  <testcase name="verifyUpdateMenuQuantity" time="0.002" classname="com.menumitratCommonAPITestScript.UpdateMenuQuantity"/>
  <testcase name="verifyUpdateMenuQuantity" time="0.000" classname="com.menumitratCommonAPITestScript.UpdateMenuQuantity"/>
  <testcase name="verifyUpdateMenuQuantity" time="0.000" classname="com.menumitratCommonAPITestScript.UpdateMenuQuantity"/>
  <testcase name="verifyUpdateMenuQuantity" time="0.000" classname="com.menumitratCommonAPITestScript.UpdateMenuQuantity"/>
  <testcase name="updateMenuQuantityNegativeTest" time="0.000" classname="com.menumitratCommonAPITestScript.UpdateMenuQuantity">
    <error type="java.lang.RuntimeException" message="com.menumitra.utilityclass.customException: Error in getting update menu quantity negative test data: No valid update menu quantity negative test data found after filtering">
      <![CDATA[java.lang.RuntimeException: com.menumitra.utilityclass.customException: Error in getting update menu quantity negative test data: No valid update menu quantity negative test data found after filtering
	at org.testng.internal.MethodInvocationHelper.invokeDataProvider(MethodInvocationHelper.java:163)
	at org.testng.internal.Parameters.handleParameters(Parameters.java:430)
	at org.testng.internal.Invoker.handleParameters(Invoker.java:1274)
	at org.testng.internal.Invoker.createParameters(Invoker.java:989)
	at org.testng.internal.Invoker.invokeTestMethods(Invoker.java:1079)
	at org.testng.internal.TestMethodWorker.invokeTestMethods(TestMethodWorker.java:129)
	at org.testng.internal.TestMethodWorker.run(TestMethodWorker.java:112)
	at org.testng.TestRunner.privateRun(TestRunner.java:782)
	at org.testng.TestRunner.run(TestRunner.java:632)
	at org.testng.SuiteRunner.runTest(SuiteRunner.java:366)
	at org.testng.SuiteRunner.runSequentially(SuiteRunner.java:361)
	at org.testng.SuiteRunner.privateRun(SuiteRunner.java:319)
	at org.testng.SuiteRunner.run(SuiteRunner.java:268)
	at org.testng.SuiteRunnerWorker.runSuite(SuiteRunnerWorker.java:52)
	at org.testng.SuiteRunnerWorker.run(SuiteRunnerWorker.java:86)
	at org.testng.TestNG.runSuitesSequentially(TestNG.java:1244)
	at org.testng.TestNG.runSuitesLocally(TestNG.java:1169)
	at org.testng.TestNG.run(TestNG.java:1064)
	at org.testng.remote.RemoteTestNG.run(RemoteTestNG.java:113)
	at org.testng.remote.RemoteTestNG.initAndRun(RemoteTestNG.java:206)
	at org.testng.remote.RemoteTestNG.main(RemoteTestNG.java:177)
Caused by: com.menumitra.utilityclass.customException: Error in getting update menu quantity negative test data: No valid update menu quantity negative test data found after filtering
	at com.menumitratCommonAPITestScript.UpdateMenuQuantity.getUpdateMenuQuantityNegativeData(UpdateMenuQuantity.java:307)
	at sun.reflect.NativeMethodAccessorImpl.invoke0(Native Method)
	at sun.reflect.NativeMethodAccessorImpl.invoke(Unknown Source)
	at sun.reflect.DelegatingMethodAccessorImpl.invoke(Unknown Source)
	at java.lang.reflect.Method.invoke(Unknown Source)
	at org.testng.internal.MethodInvocationHelper.invokeMethod(MethodInvocationHelper.java:86)
	at org.testng.internal.MethodInvocationHelper.invokeDataProvider(MethodInvocationHelper.java:137)
	... 20 more
]]>
    </error>
  </testcase> <!-- updateMenuQuantityNegativeTest -->
  <testcase name="verifyUpdateMenuQuantity" time="0.001" classname="com.menumitratCommonAPITestScript.UpdateMenuQuantity"/>
  <testcase name="verifyUpdateMenuQuantity" time="0.000" classname="com.menumitratCommonAPITestScript.UpdateMenuQuantity"/>
  <testcase name="verifyUpdateMenuQuantity" time="0.000" classname="com.menumitratCommonAPITestScript.UpdateMenuQuantity"/>
  <testcase name="verifyUpdateMenuQuantity" time="0.000" classname="com.menumitratCommonAPITestScript.UpdateMenuQuantity"/>
  <testcase name="verifyUpdateMenuQuantity" time="0.953" classname="com.menumitratCommonAPITestScript.UpdateMenuQuantity">
    <error type="com.menumitra.utilityclass.customException" message="Error in update menu quantity test: Status code mismatch - Expected: 200, Actual: 400">
      <![CDATA[com.menumitra.utilityclass.customException: Error in update menu quantity test: Status code mismatch - Expected: 200, Actual: 400
	at com.menumitratCommonAPITestScript.UpdateMenuQuantity.verifyUpdateMenuQuantity(UpdateMenuQuantity.java:260)
	at sun.reflect.GeneratedMethodAccessor21.invoke(Unknown Source)
	at sun.reflect.DelegatingMethodAccessorImpl.invoke(Unknown Source)
	at java.lang.reflect.Method.invoke(Unknown Source)
	at org.testng.internal.MethodInvocationHelper.invokeMethod(MethodInvocationHelper.java:86)
	at org.testng.internal.Invoker.invokeMethod(Invoker.java:643)
	at org.testng.internal.Invoker.invokeTestMethod(Invoker.java:820)
	at org.testng.internal.Invoker.invokeTestMethods(Invoker.java:1128)
	at org.testng.internal.TestMethodWorker.invokeTestMethods(TestMethodWorker.java:129)
	at org.testng.internal.TestMethodWorker.run(TestMethodWorker.java:112)
	at org.testng.TestRunner.privateRun(TestRunner.java:782)
	at org.testng.TestRunner.run(TestRunner.java:632)
	at org.testng.SuiteRunner.runTest(SuiteRunner.java:366)
	at org.testng.SuiteRunner.runSequentially(SuiteRunner.java:361)
	at org.testng.SuiteRunner.privateRun(SuiteRunner.java:319)
	at org.testng.SuiteRunner.run(SuiteRunner.java:268)
	at org.testng.SuiteRunnerWorker.runSuite(SuiteRunnerWorker.java:52)
	at org.testng.SuiteRunnerWorker.run(SuiteRunnerWorker.java:86)
	at org.testng.TestNG.runSuitesSequentially(TestNG.java:1244)
	at org.testng.TestNG.runSuitesLocally(TestNG.java:1169)
	at org.testng.TestNG.run(TestNG.java:1064)
	at org.testng.remote.RemoteTestNG.run(RemoteTestNG.java:113)
	at org.testng.remote.RemoteTestNG.initAndRun(RemoteTestNG.java:206)
	at org.testng.remote.RemoteTestNG.main(RemoteTestNG.java:177)
]]>
    </error>
  </testcase> <!-- verifyUpdateMenuQuantity -->
  <testcase name="verifyUpdateMenuQuantity" time="0.000" classname="com.menumitratCommonAPITestScript.UpdateMenuQuantity"/>
  <testcase name="verifyUpdateMenuQuantity" time="0.000" classname="com.menumitratCommonAPITestScript.UpdateMenuQuantity"/>
  <testcase name="verifyUpdateMenuQuantity" time="0.001" classname="com.menumitratCommonAPITestScript.UpdateMenuQuantity"/>
  <testcase name="verifyUpdateMenuQuantity" time="0.000" classname="com.menumitratCommonAPITestScript.UpdateMenuQuantity"/>
  <testcase name="verifyUpdateMenuQuantity" time="0.001" classname="com.menumitratCommonAPITestScript.UpdateMenuQuantity"/>
  <testcase name="verifyUpdateMenuQuantity" time="0.001" classname="com.menumitratCommonAPITestScript.UpdateMenuQuantity"/>
  <testcase name="verifyUpdateMenuQuantity" time="0.000" classname="com.menumitratCommonAPITestScript.UpdateMenuQuantity"/>
  <testcase name="verifyUpdateMenuQuantity" time="0.000" classname="com.menumitratCommonAPITestScript.UpdateMenuQuantity"/>
  <testcase name="verifyUpdateMenuQuantity" time="0.001" classname="com.menumitratCommonAPITestScript.UpdateMenuQuantity"/>
  <testcase name="verifyUpdateMenuQuantity" time="0.001" classname="com.menumitratCommonAPITestScript.UpdateMenuQuantity"/>
  <testcase name="verifyUpdateMenuQuantity" time="0.000" classname="com.menumitratCommonAPITestScript.UpdateMenuQuantity"/>
  <testcase name="verifyUpdateMenuQuantity" time="0.000" classname="com.menumitratCommonAPITestScript.UpdateMenuQuantity"/>
  <testcase name="verifyUpdateMenuQuantity" time="0.001" classname="com.menumitratCommonAPITestScript.UpdateMenuQuantity"/>
  <testcase name="verifyUpdateMenuQuantity" time="0.001" classname="com.menumitratCommonAPITestScript.UpdateMenuQuantity"/>
  <testcase name="verifyUpdateMenuQuantity" time="0.002" classname="com.menumitratCommonAPITestScript.UpdateMenuQuantity"/>
  <testcase name="verifyUpdateMenuQuantity" time="0.000" classname="com.menumitratCommonAPITestScript.UpdateMenuQuantity"/>
  <testcase name="verifyUpdateMenuQuantity" time="0.001" classname="com.menumitratCommonAPITestScript.UpdateMenuQuantity"/>
  <testcase name="verifyUpdateMenuQuantity" time="0.001" classname="com.menumitratCommonAPITestScript.UpdateMenuQuantity"/>
  <testcase name="verifyUpdateMenuQuantity" time="0.000" classname="com.menumitratCommonAPITestScript.UpdateMenuQuantity"/>
  <testcase name="verifyUpdateMenuQuantity" time="0.001" classname="com.menumitratCommonAPITestScript.UpdateMenuQuantity"/>
  <testcase name="verifyUpdateMenuQuantity" time="0.000" classname="com.menumitratCommonAPITestScript.UpdateMenuQuantity"/>
  <testcase name="verifyUpdateMenuQuantity" time="0.000" classname="com.menumitratCommonAPITestScript.UpdateMenuQuantity"/>
  <testcase name="verifyUpdateMenuQuantity" time="0.002" classname="com.menumitratCommonAPITestScript.UpdateMenuQuantity"/>
  <testcase name="verifyUpdateMenuQuantity" time="0.000" classname="com.menumitratCommonAPITestScript.UpdateMenuQuantity"/>
  <testcase name="verifyUpdateMenuQuantity" time="0.000" classname="com.menumitratCommonAPITestScript.UpdateMenuQuantity"/>
  <testcase name="verifyUpdateMenuQuantity" time="0.000" classname="com.menumitratCommonAPITestScript.UpdateMenuQuantity"/>
  <testcase name="verifyUpdateMenuQuantity" time="0.001" classname="com.menumitratCommonAPITestScript.UpdateMenuQuantity"/>
  <testcase name="verifyUpdateMenuQuantity" time="0.001" classname="com.menumitratCommonAPITestScript.UpdateMenuQuantity"/>
  <testcase name="verifyUpdateMenuQuantity" time="0.000" classname="com.menumitratCommonAPITestScript.UpdateMenuQuantity"/>
  <testcase name="verifyUpdateMenuQuantity" time="0.001" classname="com.menumitratCommonAPITestScript.UpdateMenuQuantity"/>
  <testcase name="verifyUpdateMenuQuantity" time="0.001" classname="com.menumitratCommonAPITestScript.UpdateMenuQuantity"/>
  <testcase name="verifyUpdateMenuQuantity" time="0.001" classname="com.menumitratCommonAPITestScript.UpdateMenuQuantity"/>
  <testcase name="verifyUpdateMenuQuantity" time="0.001" classname="com.menumitratCommonAPITestScript.UpdateMenuQuantity"/>
  <testcase name="verifyUpdateMenuQuantity" time="0.001" classname="com.menumitratCommonAPITestScript.UpdateMenuQuantity"/>
  <testcase name="verifyUpdateMenuQuantity" time="0.001" classname="com.menumitratCommonAPITestScript.UpdateMenuQuantity"/>
  <testcase name="verifyUpdateMenuQuantity" time="0.001" classname="com.menumitratCommonAPITestScript.UpdateMenuQuantity"/>
  <testcase name="verifyUpdateMenuQuantity" time="0.001" classname="com.menumitratCommonAPITestScript.UpdateMenuQuantity"/>
  <testcase name="verifyUpdateMenuQuantity" time="0.001" classname="com.menumitratCommonAPITestScript.UpdateMenuQuantity"/>
  <testcase name="verifyUpdateMenuQuantity" time="0.001" classname="com.menumitratCommonAPITestScript.UpdateMenuQuantity"/>
  <testcase name="verifyUpdateMenuQuantity" time="0.000" classname="com.menumitratCommonAPITestScript.UpdateMenuQuantity"/>
  <testcase name="verifyUpdateMenuQuantity" time="0.000" classname="com.menumitratCommonAPITestScript.UpdateMenuQuantity"/>
  <testcase name="verifyUpdateMenuQuantity" time="0.001" classname="com.menumitratCommonAPITestScript.UpdateMenuQuantity"/>
  <testcase name="verifyUpdateMenuQuantity" time="0.000" classname="com.menumitratCommonAPITestScript.UpdateMenuQuantity"/>
  <testcase name="verifyUpdateMenuQuantity" time="0.001" classname="com.menumitratCommonAPITestScript.UpdateMenuQuantity"/>
  <testcase name="verifyUpdateMenuQuantity" time="0.000" classname="com.menumitratCommonAPITestScript.UpdateMenuQuantity"/>
  <testcase name="verifyUpdateMenuQuantity" time="0.001" classname="com.menumitratCommonAPITestScript.UpdateMenuQuantity"/>
  <testcase name="verifyUpdateMenuQuantity" time="0.000" classname="com.menumitratCommonAPITestScript.UpdateMenuQuantity"/>
  <testcase name="verifyUpdateMenuQuantity" time="0.001" classname="com.menumitratCommonAPITestScript.UpdateMenuQuantity"/>
  <testcase name="verifyUpdateMenuQuantity" time="0.000" classname="com.menumitratCommonAPITestScript.UpdateMenuQuantity"/>
  <testcase name="verifyUpdateMenuQuantity" time="0.001" classname="com.menumitratCommonAPITestScript.UpdateMenuQuantity"/>
  <testcase name="verifyUpdateMenuQuantity" time="0.000" classname="com.menumitratCommonAPITestScript.UpdateMenuQuantity"/>
  <testcase name="verifyUpdateMenuQuantity" time="0.001" classname="com.menumitratCommonAPITestScript.UpdateMenuQuantity"/>
  <testcase name="verifyUpdateMenuQuantity" time="0.001" classname="com.menumitratCommonAPITestScript.UpdateMenuQuantity"/>
  <testcase name="verifyUpdateMenuQuantity" time="0.000" classname="com.menumitratCommonAPITestScript.UpdateMenuQuantity"/>
  <testcase name="verifyUpdateMenuQuantity" time="0.000" classname="com.menumitratCommonAPITestScript.UpdateMenuQuantity"/>
  <testcase name="verifyUpdateMenuQuantity" time="0.000" classname="com.menumitratCommonAPITestScript.UpdateMenuQuantity"/>
  <testcase name="verifyUpdateMenuQuantity" time="0.000" classname="com.menumitratCommonAPITestScript.UpdateMenuQuantity"/>
  <testcase name="verifyUpdateMenuQuantity" time="0.001" classname="com.menumitratCommonAPITestScript.UpdateMenuQuantity"/>
  <testcase name="verifyUpdateMenuQuantity" time="0.001" classname="com.menumitratCommonAPITestScript.UpdateMenuQuantity"/>
  <testcase name="verifyUpdateMenuQuantity" time="0.001" classname="com.menumitratCommonAPITestScript.UpdateMenuQuantity"/>
  <testcase name="verifyUpdateMenuQuantity" time="0.001" classname="com.menumitratCommonAPITestScript.UpdateMenuQuantity"/>
  <testcase name="verifyUpdateMenuQuantity" time="0.000" classname="com.menumitratCommonAPITestScript.UpdateMenuQuantity"/>
  <testcase name="verifyUpdateMenuQuantity" time="0.001" classname="com.menumitratCommonAPITestScript.UpdateMenuQuantity"/>
  <testcase name="verifyUpdateMenuQuantity" time="0.000" classname="com.menumitratCommonAPITestScript.UpdateMenuQuantity"/>
  <testcase name="verifyUpdateMenuQuantity" time="0.001" classname="com.menumitratCommonAPITestScript.UpdateMenuQuantity"/>
  <testcase name="verifyUpdateMenuQuantity" time="0.000" classname="com.menumitratCommonAPITestScript.UpdateMenuQuantity"/>
  <testcase name="verifyUpdateMenuQuantity" time="0.000" classname="com.menumitratCommonAPITestScript.UpdateMenuQuantity"/>
  <testcase name="verifyUpdateMenuQuantity" time="0.001" classname="com.menumitratCommonAPITestScript.UpdateMenuQuantity"/>
  <testcase name="verifyUpdateMenuQuantity" time="0.000" classname="com.menumitratCommonAPITestScript.UpdateMenuQuantity"/>
  <testcase name="verifyUpdateMenuQuantity" time="0.001" classname="com.menumitratCommonAPITestScript.UpdateMenuQuantity"/>
  <testcase name="verifyUpdateMenuQuantity" time="0.001" classname="com.menumitratCommonAPITestScript.UpdateMenuQuantity"/>
  <testcase name="verifyUpdateMenuQuantity" time="0.000" classname="com.menumitratCommonAPITestScript.UpdateMenuQuantity"/>
  <testcase name="verifyUpdateMenuQuantity" time="0.001" classname="com.menumitratCommonAPITestScript.UpdateMenuQuantity"/>
  <testcase name="verifyUpdateMenuQuantity" time="0.000" classname="com.menumitratCommonAPITestScript.UpdateMenuQuantity"/>
  <testcase name="verifyUpdateMenuQuantity" time="0.000" classname="com.menumitratCommonAPITestScript.UpdateMenuQuantity"/>
  <testcase name="verifyUpdateMenuQuantity" time="0.000" classname="com.menumitratCommonAPITestScript.UpdateMenuQuantity"/>
  <testcase name="verifyUpdateMenuQuantity" time="0.000" classname="com.menumitratCommonAPITestScript.UpdateMenuQuantity"/>
  <testcase name="verifyUpdateMenuQuantity" time="0.000" classname="com.menumitratCommonAPITestScript.UpdateMenuQuantity"/>
  <testcase name="verifyUpdateMenuQuantity" time="0.000" classname="com.menumitratCommonAPITestScript.UpdateMenuQuantity"/>
  <testcase name="verifyUpdateMenuQuantity" time="0.000" classname="com.menumitratCommonAPITestScript.UpdateMenuQuantity"/>
  <testcase name="verifyUpdateMenuQuantity" time="0.000" classname="com.menumitratCommonAPITestScript.UpdateMenuQuantity"/>
  <testcase name="verifyUpdateMenuQuantity" time="0.001" classname="com.menumitratCommonAPITestScript.UpdateMenuQuantity"/>
  <testcase name="verifyUpdateMenuQuantity" time="0.001" classname="com.menumitratCommonAPITestScript.UpdateMenuQuantity"/>
  <testcase name="verifyUpdateMenuQuantity" time="0.001" classname="com.menumitratCommonAPITestScript.UpdateMenuQuantity"/>
  <testcase name="verifyUpdateMenuQuantity" time="0.000" classname="com.menumitratCommonAPITestScript.UpdateMenuQuantity"/>
  <testcase name="verifyUpdateMenuQuantity" time="0.000" classname="com.menumitratCommonAPITestScript.UpdateMenuQuantity"/>
  <testcase name="verifyUpdateMenuQuantity" time="0.001" classname="com.menumitratCommonAPITestScript.UpdateMenuQuantity"/>
  <testcase name="verifyUpdateMenuQuantity" time="0.001" classname="com.menumitratCommonAPITestScript.UpdateMenuQuantity"/>
  <testcase name="verifyUpdateMenuQuantity" time="0.001" classname="com.menumitratCommonAPITestScript.UpdateMenuQuantity"/>
  <testcase name="verifyUpdateMenuQuantity" time="0.000" classname="com.menumitratCommonAPITestScript.UpdateMenuQuantity"/>
  <testcase name="verifyUpdateMenuQuantity" time="0.000" classname="com.menumitratCommonAPITestScript.UpdateMenuQuantity"/>
  <testcase name="verifyUpdateMenuQuantity" time="0.000" classname="com.menumitratCommonAPITestScript.UpdateMenuQuantity"/>
  <testcase name="verifyUpdateMenuQuantity" time="0.000" classname="com.menumitratCommonAPITestScript.UpdateMenuQuantity"/>
  <testcase name="verifyUpdateMenuQuantity" time="0.000" classname="com.menumitratCommonAPITestScript.UpdateMenuQuantity"/>
  <testcase name="verifyUpdateMenuQuantity" time="0.000" classname="com.menumitratCommonAPITestScript.UpdateMenuQuantity"/>
  <testcase name="verifyUpdateMenuQuantity" time="0.000" classname="com.menumitratCommonAPITestScript.UpdateMenuQuantity"/>
  <testcase name="verifyUpdateMenuQuantity" time="0.001" classname="com.menumitratCommonAPITestScript.UpdateMenuQuantity"/>
  <testcase name="verifyUpdateMenuQuantity" time="0.000" classname="com.menumitratCommonAPITestScript.UpdateMenuQuantity"/>
  <testcase name="verifyUpdateMenuQuantity" time="0.000" classname="com.menumitratCommonAPITestScript.UpdateMenuQuantity"/>
  <testcase name="verifyUpdateMenuQuantity" time="0.000" classname="com.menumitratCommonAPITestScript.UpdateMenuQuantity"/>
  <testcase name="verifyUpdateMenuQuantity" time="0.000" classname="com.menumitratCommonAPITestScript.UpdateMenuQuantity"/>
  <testcase name="verifyUpdateMenuQuantity" time="0.002" classname="com.menumitratCommonAPITestScript.UpdateMenuQuantity"/>
  <testcase name="verifyUpdateMenuQuantity" time="0.000" classname="com.menumitratCommonAPITestScript.UpdateMenuQuantity"/>
  <testcase name="verifyUpdateMenuQuantity" time="0.000" classname="com.menumitratCommonAPITestScript.UpdateMenuQuantity"/>
  <testcase name="verifyUpdateMenuQuantity" time="0.000" classname="com.menumitratCommonAPITestScript.UpdateMenuQuantity"/>
  <testcase name="verifyUpdateMenuQuantity" time="0.000" classname="com.menumitratCommonAPITestScript.UpdateMenuQuantity"/>
  <testcase name="verifyUpdateMenuQuantity" time="0.001" classname="com.menumitratCommonAPITestScript.UpdateMenuQuantity"/>
  <testcase name="verifyUpdateMenuQuantity" time="0.001" classname="com.menumitratCommonAPITestScript.UpdateMenuQuantity"/>
  <testcase name="verifyUpdateMenuQuantity" time="0.000" classname="com.menumitratCommonAPITestScript.UpdateMenuQuantity"/>
  <testcase name="verifyUpdateMenuQuantity" time="0.000" classname="com.menumitratCommonAPITestScript.UpdateMenuQuantity"/>
  <testcase name="verifyUpdateMenuQuantity" time="0.001" classname="com.menumitratCommonAPITestScript.UpdateMenuQuantity"/>
  <testcase name="verifyUpdateMenuQuantity" time="0.001" classname="com.menumitratCommonAPITestScript.UpdateMenuQuantity"/>
</testsuite> <!-- com.menumitratCommonAPITestScript.UpdateMenuQuantity -->
