<?xml version="1.0" encoding="UTF-8"?>
<!-- Generated by org.testng.reporters.JUnitReportReporter -->
<testsuite hostname="LAPTOP-G790OGBU" name="com.menumitratCommonAPITestScript.StaffViewTestScript" tests="1" failures="0" timestamp="4 May 2025 12:28:33 GMT" time="1.280" errors="0">
  <testcase name="verifyStaffView" time="1.280" classname="com.menumitratCommonAPITestScript.StaffViewTestScript"/>
</testsuite> <!-- com.menumitratCommonAPITestScript.StaffViewTestScript -->
