<?xml version="1.0" encoding="UTF-8"?>
<!-- Generated by org.testng.reporters.JUnitReportReporter -->
<testsuite hostname="LAPTOP-G790OGBU" name="com.menumitratCommonAPITestScript.WaiterUpdateTestScript" tests="1" failures="0" timestamp="4 May 2025 07:14:36 GMT" time="2.233" errors="0">
  <testcase name="verifyWaiterUpdate" time="2.233" classname="com.menumitratCommonAPITestScript.WaiterUpdateTestScript"/>
</testsuite> <!-- com.menumitratCommonAPITestScript.WaiterUpdateTestScript -->
