<?xml version="1.0" encoding="UTF-8"?>
<!-- Generated by org.testng.reporters.JUnitReportReporter -->
<testsuite hostname="LAPTOP-G790OGBU" name="com.menumitratCommonAPITestScript.SectionViewTestScript" tests="1" failures="0" timestamp="5 May 2025 05:48:40 GMT" time="0.868" errors="0">
  <testcase name="verifySectionViewUsingValidInputData" time="0.868" classname="com.menumitratCommonAPITestScript.SectionViewTestScript"/>
</testsuite> <!-- com.menumitratCommonAPITestScript.SectionViewTestScript -->
