<?xml version="1.0" encoding="UTF-8"?>
<!-- Generated by org.testng.reporters.JUnitReportReporter -->
<testsuite hostname="LAPTOP-G790OGBU" name="com.menumitratCommonAPITestScript.ContinueChatTestScript" tests="1" failures="0" timestamp="5 May 2025 08:21:13 GMT" time="0.181" errors="0">
  <testcase name="continueChatTest" time="0.181" classname="com.menumitratCommonAPITestScript.ContinueChatTestScript"/>
</testsuite> <!-- com.menumitratCommonAPITestScript.ContinueChatTestScript -->
