<?xml version="1.0" encoding="UTF-8"?>
<!-- Generated by org.testng.reporters.JUnitReportReporter -->
<testsuite hostname="LAPTOP-G790OGBU" name="com.menumitratCommonAPITestScript.CaptainListViewTestScript" tests="2" failures="0" timestamp="7 May 2025 08:21:46 GMT" time="0.449" errors="0">
  <testcase name="captainListViewTest" time="0.203" classname="com.menumitratCommonAPITestScript.CaptainListViewTestScript"/>
  <testcase name="captainListViewNegativeTest" time="0.246" classname="com.menumitratCommonAPITestScript.CaptainListViewTestScript"/>
</testsuite> <!-- com.menumitratCommonAPITestScript.CaptainListViewTestScript -->
