<?xml version="1.0" encoding="UTF-8"?>
<!-- Generated by org.testng.reporters.JUnitReportReporter -->
<testsuite hostname="lenovo" name="com.menumitratCommonAPITestScript.ActivityLogTestScript" tests="2" failures="0" timestamp="9 May 2025 13:16:40 GMT" time="2.307" errors="0">
  <testcase name="activityLogNegativeTest" time="0.190" classname="com.menumitratCommonAPITestScript.ActivityLogTestScript"/>
  <testcase name="activityLogTest" time="2.117" classname="com.menumitratCommonAPITestScript.ActivityLogTestScript"/>
</testsuite> <!-- com.menumitratCommonAPITestScript.ActivityLogTestScript -->
