<?xml version="1.0" encoding="UTF-8"?>
<!-- Generated by org.testng.reporters.JUnitReportReporter -->
<testsuite hostname="LAPTOP-G790OGBU" name="com.menumitratCommonAPITestScript.sectionUpdateTestScript" tests="2" failures="0" timestamp="2 May 2025 10:50:34 GMT" time="0.876" errors="0">
  <testcase name="verifySectionUpdateUsingValidInputData" time="0.367" classname="com.menumitratCommonAPITestScript.sectionUpdateTestScript"/>
  <testcase name="verifySectionCreateUsingInvalidData" time="0.509" classname="com.menumitratCommonAPITestScript.sectionUpdateTestScript"/>
</testsuite> <!-- com.menumitratCommonAPITestScript.sectionUpdateTestScript -->
