<?xml version="1.0" encoding="UTF-8"?>
<!-- Generated by org.testng.reporters.JUnitReportReporter -->
<testsuite hostname="LAPTOP-G790OGBU" name="com.menumitratCommonAPITestScript.SendQRLinkTestScript" tests="3" failures="0" timestamp="9 May 2025 06:01:24 GMT" time="0.387" errors="0">
  <testcase name="sendQRLinkTest" time="0.127" classname="com.menumitratCommonAPITestScript.SendQRLinkTestScript"/>
  <testcase name="sendQRLinkNegativeTest" time="0.131" classname="com.menumitratCommonAPITestScript.SendQRLinkTestScript"/>
  <testcase name="sendQRLinkNegativeTest" time="0.129" classname="com.menumitratCommonAPITestScript.SendQRLinkTestScript"/>
</testsuite> <!-- com.menumitratCommonAPITestScript.SendQRLinkTestScript -->
