<?xml version="1.0" encoding="UTF-8"?>
<!-- Generated by org.testng.reporters.JUnitReportReporter -->
<testsuite hostname="LAPTOP-G790OGBU" name="com.menumitratCommonAPITestScript.sectionUpdateTestScript" tests="3" failures="0" timestamp="7 May 2025 14:14:13 GMT" time="7.123" errors="0">
  <testcase name="verifySectionCreateUsingInvalidData" time="3.819" classname="com.menumitratCommonAPITestScript.sectionUpdateTestScript"/>
  <testcase name="verifySectionUpdateUsingValidInputData" time="1.701" classname="com.menumitratCommonAPITestScript.sectionUpdateTestScript"/>
  <testcase name="sectionUpdateNegativeTest" time="1.603" classname="com.menumitratCommonAPITestScript.sectionUpdateTestScript"/>
</testsuite> <!-- com.menumitratCommonAPITestScript.sectionUpdateTestScript -->
