<?xml version="1.0" encoding="UTF-8"?>
<!-- Generated by org.testng.reporters.JUnitReportReporter -->
<testsuite hostname="LAPTOP-G790OGBU" name="com.menumitratCommonAPITestScript.ChefViewTestScript" tests="4" failures="0" timestamp="9 May 2025 06:01:25 GMT" time="0.622" errors="0">
  <testcase name="chefViewNegativeTest" time="0.139" classname="com.menumitratCommonAPITestScript.ChefViewTestScript"/>
  <testcase name="chefViewTest" time="0.190" classname="com.menumitratCommonAPITestScript.ChefViewTestScript"/>
  <testcase name="chefViewNegativeTest" time="0.148" classname="com.menumitratCommonAPITestScript.ChefViewTestScript"/>
  <testcase name="chefViewNegativeTest" time="0.145" classname="com.menumitratCommonAPITestScript.ChefViewTestScript"/>
</testsuite> <!-- com.menumitratCommonAPITestScript.ChefViewTestScript -->
