<?xml version="1.0" encoding="UTF-8"?>
<!-- Generated by org.testng.reporters.JUnitReportReporter -->
<testsuite hostname="LAPTOP-G790OGBU" name="com.menumitratCommonAPITestScript.OrderMenuDetailsTestScript" tests="1" failures="0" timestamp="3 May 2025 11:24:16 GMT" time="0.594" errors="0">
  <testcase name="verifyOrderMenuDetails" time="0.594" classname="com.menumitratCommonAPITestScript.OrderMenuDetailsTestScript"/>
</testsuite> <!-- com.menumitratCommonAPITestScript.OrderMenuDetailsTestScript -->
