<?xml version="1.0" encoding="UTF-8"?>
<!-- Generated by org.testng.reporters.JUnitReportReporter -->
<testsuite hostname="LAPTOP-G790OGBU" name="com.menumitratCommonAPITestScript.RemoveTemplateTestScript" tests="1" failures="0" timestamp="5 May 2025 08:21:13 GMT" time="0.162" errors="0">
  <testcase name="removeTemplate" time="0.162" classname="com.menumitratCommonAPITestScript.RemoveTemplateTestScript"/>
</testsuite> <!-- com.menumitratCommonAPITestScript.RemoveTemplateTestScript -->
