<?xml version="1.0" encoding="UTF-8"?>
<!-- Generated by org.testng.reporters.JUnitReportReporter -->
<testsuite hostname="LAPTOP-G790OGBU" name="com.menumitratCommonAPITestScript.TableDeleteTestScript" tests="1" failures="0" timestamp="2 May 2025 13:39:21 GMT" time="3.336" errors="0">
  <testcase name="verifyTableDelete" time="3.336" classname="com.menumitratCommonAPITestScript.TableDeleteTestScript"/>
</testsuite> <!-- com.menumitratCommonAPITestScript.TableDeleteTestScript -->
