<?xml version="1.0" encoding="UTF-8"?>
<!-- Generated by org.testng.reporters.JUnitReportReporter -->
<testsuite hostname="LAPTOP-G790OGBU" name="com.menumitratCommonAPITestScript.TicketListViewTestScript" tests="2" failures="0" timestamp="7 May 2025 09:33:56 GMT" time="0.701" errors="0">
  <testcase name="ticketListViewNegativeTest" time="0.388" classname="com.menumitratCommonAPITestScript.TicketListViewTestScript"/>
  <testcase name="ticketListViewTest" time="0.313" classname="com.menumitratCommonAPITestScript.TicketListViewTestScript"/>
</testsuite> <!-- com.menumitratCommonAPITestScript.TicketListViewTestScript -->
