<?xml version="1.0" encoding="UTF-8"?>
<!-- Generated by org.testng.reporters.JUnitReportReporter -->
<testsuite hostname="LAPTOP-G790OGBU" name="com.menumitratCommonAPITestScript.MenuListView" tests="5" failures="0" timestamp="6 May 2025 13:40:49 GMT" time="13.020" errors="0">
  <testcase name="menuListViewNegativeTest" time="0.913" classname="com.menumitratCommonAPITestScript.MenuListView"/>
  <testcase name="verifyMenuListView" time="9.494" classname="com.menumitratCommonAPITestScript.MenuListView"/>
  <testcase name="menuListViewNegativeTest" time="0.551" classname="com.menumitratCommonAPITestScript.MenuListView"/>
  <testcase name="menuListViewNegativeTest" time="0.800" classname="com.menumitratCommonAPITestScript.MenuListView"/>
  <testcase name="menuListViewNegativeTest" time="1.262" classname="com.menumitratCommonAPITestScript.MenuListView"/>
</testsuite> <!-- com.menumitratCommonAPITestScript.MenuListView -->
