<?xml version="1.0" encoding="UTF-8"?>
<!-- Generated by org.testng.reporters.JUnitReportReporter -->
<testsuite hostname="LAPTOP-G790OGBU" name="com.menumitratCommonAPITestScript.CaptainListViewTestScript" tests="2" failures="0" timestamp="9 May 2025 06:01:25 GMT" time="0.271" errors="0">
  <testcase name="captainListViewNegativeTest" time="0.133" classname="com.menumitratCommonAPITestScript.CaptainListViewTestScript"/>
  <testcase name="captainListViewTest" time="0.138" classname="com.menumitratCommonAPITestScript.CaptainListViewTestScript"/>
</testsuite> <!-- com.menumitratCommonAPITestScript.CaptainListViewTestScript -->
