<?xml version="1.0" encoding="UTF-8"?>
<!-- Generated by org.testng.reporters.JUnitReportReporter -->
<testsuite hostname="LAPTOP-G790OGBU" name="com.menumitratCommonAPITestScript.ResendOTPTestScript" tests="2" failures="0" timestamp="23 Apr 2025 11:25:24 GMT" time="0.187" errors="0">
  <testcase name="verifyRessendOTPUSingPositiveInputData" time="0.186" classname="com.menumitratCommonAPITestScript.ResendOTPTestScript"/>
  <testcase name="getResendOTPURL" time="0.001" classname="com.menumitratCommonAPITestScript.ResendOTPTestScript"/>
</testsuite> <!-- com.menumitratCommonAPITestScript.ResendOTPTestScript -->
