<?xml version="1.0" encoding="UTF-8"?>
<!-- Generated by org.testng.reporters.JUnitReportReporter -->
<testsuite hostname="LAPTOP-G790OGBU" name="com.menumitratCommonAPITestScript.sectionCreateTestScript" tests="2" failures="0" timestamp="6 May 2025 14:06:10 GMT" time="2.279" errors="0">
  <testcase name="verifySectionUsingValidInputData" time="1.457" classname="com.menumitratCommonAPITestScript.sectionCreateTestScript"/>
  <testcase name="sectionCreateNegativeTest" time="0.822" classname="com.menumitratCommonAPITestScript.sectionCreateTestScript"/>
</testsuite> <!-- com.menumitratCommonAPITestScript.sectionCreateTestScript -->
