<?xml version="1.0" encoding="UTF-8"?>
<!-- Generated by org.testng.reporters.JUnitReportReporter -->
<testsuite hostname="LAPTOP-G790OGBU" name="com.menumitratCommonAPITestScript.SectionViewTestScript" tests="2" failures="0" timestamp="6 May 2025 05:32:55 GMT" time="1.119" errors="0">
  <testcase name="verifySectionViewUsingValidInputData" time="0.477" classname="com.menumitratCommonAPITestScript.SectionViewTestScript"/>
  <testcase name="sectionViewNegativeTest" time="0.642" classname="com.menumitratCommonAPITestScript.SectionViewTestScript"/>
</testsuite> <!-- com.menumitratCommonAPITestScript.SectionViewTestScript -->
