<?xml version="1.0" encoding="UTF-8"?>
<!-- Generated by org.testng.reporters.JUnitReportReporter -->
<testsuite hostname="LAPTOP-G790OGBU" name="com.menumitratCommonAPITestScript.MenuView" tests="1" failures="0" timestamp="3 May 2025 05:13:45 GMT" time="2.480" errors="0">
  <testcase name="verifyMenuView" time="2.480" classname="com.menumitratCommonAPITestScript.MenuView"/>
</testsuite> <!-- com.menumitratCommonAPITestScript.MenuView -->
