<?xml version="1.0" encoding="UTF-8"?>
<!-- Generated by org.testng.reporters.JUnitReportReporter -->
<testsuite hostname="LAPTOP-G790OGBU" name="com.menumitratCommonAPITestScript.InventoryListViewTestScript" tests="2" failures="0" timestamp="6 May 2025 10:18:17 GMT" time="1.454" errors="0">
  <testcase name="verifyInventoryList" time="0.960" classname="com.menumitratCommonAPITestScript.InventoryListViewTestScript"/>
  <testcase name="inventoryListViewNegativeTest" time="0.494" classname="com.menumitratCommonAPITestScript.InventoryListViewTestScript"/>
</testsuite> <!-- com.menumitratCommonAPITestScript.InventoryListViewTestScript -->
