<?xml version="1.0" encoding="UTF-8"?>
<!-- Generated by org.testng.reporters.JUnitReportReporter -->
<testsuite hostname="LAPTOP-G790OGBU" name="com.menumitratCommonAPITestScript.MenuCategoryListViewTestScript" tests="1" failures="0" timestamp="3 May 2025 14:06:17 GMT" time="3.891" errors="0">
  <testcase name="verifyMenuCategoryListView" time="3.891" classname="com.menumitratCommonAPITestScript.MenuCategoryListViewTestScript"/>
</testsuite> <!-- com.menumitratCommonAPITestScript.MenuCategoryListViewTestScript -->
