<?xml version="1.0" encoding="UTF-8"?>
<!-- Generated by org.testng.reporters.JUnitReportReporter -->
<testsuite hostname="LAPTOP-G790OGBU" name="com.menumitratCommonAPITestScript.GetVegOrNonVegList" tests="1" failures="0" timestamp="9 May 2025 06:01:24 GMT" time="0.123" errors="0">
  <testcase name="verifyVegOrNonVegList" time="0.123" classname="com.menumitratCommonAPITestScript.GetVegOrNonVegList"/>
</testsuite> <!-- com.menumitratCommonAPITestScript.GetVegOrNonVegList -->
