<?xml version="1.0" encoding="UTF-8"?>
<!-- Generated by org.testng.reporters.JUnitReportReporter -->
<testsuite hostname="LAPTOP-G790OGBU" name="com.menumitratCommonAPITestScript.ListViewOutletTestScript" tests="1" failures="0" timestamp="3 May 2025 13:27:31 GMT" time="0.862" errors="0">
  <testcase name="verifyListViewOutlet" time="0.862" classname="com.menumitratCommonAPITestScript.ListViewOutletTestScript"/>
</testsuite> <!-- com.menumitratCommonAPITestScript.ListViewOutletTestScript -->
