<?xml version="1.0" encoding="UTF-8"?>
<!-- Generated by org.testng.reporters.JUnitReportReporter -->
<testsuite hostname="LAPTOP-G790OGBU" name="com.menumitratCommonAPITestScript.orderListViewSetUp" tests="1" failures="0" timestamp="5 May 2025 05:09:32 GMT" time="5.378" errors="0">
  <testcase name="orderListViewTest" time="5.378" classname="com.menumitratCommonAPITestScript.orderListViewSetUp"/>
</testsuite> <!-- com.menumitratCommonAPITestScript.orderListViewSetUp -->
