<?xml version="1.0" encoding="UTF-8"?>
<!-- Generated by org.testng.reporters.JUnitReportReporter -->
<testsuite hostname="LAPTOP-G790OGBU" name="com.menumitratCommonAPITestScript.sectionUpdateTestScript" tests="2" failures="0" timestamp="4 May 2025 12:12:48 GMT" time="2.885" errors="0">
  <testcase name="verifySectionCreateUsingInvalidData" time="1.701" classname="com.menumitratCommonAPITestScript.sectionUpdateTestScript"/>
  <testcase name="verifySectionUpdateUsingValidInputData" time="1.184" classname="com.menumitratCommonAPITestScript.sectionUpdateTestScript"/>
</testsuite> <!-- com.menumitratCommonAPITestScript.sectionUpdateTestScript -->
