<?xml version="1.0" encoding="UTF-8"?>
<!-- Generated by org.testng.reporters.JUnitReportReporter -->
<testsuite hostname="LAPTOP-G790OGBU" name="com.menumitratCommonAPITestScript.UpdateOutletTestScript" tests="1" failures="0" timestamp="3 May 2025 13:10:36 GMT" time="1.349" errors="0">
  <testcase name="verifyUpdateOutlet" time="1.349" classname="com.menumitratCommonAPITestScript.UpdateOutletTestScript"/>
</testsuite> <!-- com.menumitratCommonAPITestScript.UpdateOutletTestScript -->
