<?xml version="1.0" encoding="UTF-8"?>
<!-- Generated by org.testng.reporters.JUnitReportReporter -->
<testsuite hostname="LAPTOP-G790OGBU" name="com.menumitratCommonAPITestScript.WaiterListViewTestScript" tests="2" failures="0" timestamp="7 May 2025 07:45:10 GMT" time="10.193" errors="0">
  <testcase name="waiterListViewTest" time="0.183" classname="com.menumitratCommonAPITestScript.WaiterListViewTestScript"/>
  <testcase name="waiterListViewNegativeTest" time="10.010" classname="com.menumitratCommonAPITestScript.WaiterListViewTestScript"/>
</testsuite> <!-- com.menumitratCommonAPITestScript.WaiterListViewTestScript -->
