<?xml version="1.0" encoding="UTF-8"?>
<!-- Generated by org.testng.reporters.JUnitReportReporter -->
<testsuite hostname="LAPTOP-G790OGBU" name="com.menumitratCommonAPITestScript.RemoveTemplateTestScript" tests="1" failures="0" timestamp="4 May 2025 11:51:55 GMT" time="7.415" errors="0">
  <testcase name="removeTemplate" time="7.415" classname="com.menumitratCommonAPITestScript.RemoveTemplateTestScript"/>
</testsuite> <!-- com.menumitratCommonAPITestScript.RemoveTemplateTestScript -->
