<?xml version="1.0" encoding="UTF-8"?>
<!-- Generated by org.testng.reporters.JUnitReportReporter -->
<testsuite hostname="LAPTOP-G790OGBU" name="com.menumitratCommonAPITestScript.GetVegOrNonVegList" tests="1" failures="0" timestamp="3 May 2025 10:23:13 GMT" time="2.497" errors="0">
  <testcase name="verifyVegOrNonVegList" time="2.497" classname="com.menumitratCommonAPITestScript.GetVegOrNonVegList"/>
</testsuite> <!-- com.menumitratCommonAPITestScript.GetVegOrNonVegList -->
