<?xml version="1.0" encoding="UTF-8"?>
<!-- Generated by org.testng.reporters.JUnitReportReporter -->
<testsuite hostname="LAPTOP-G790OGBU" name="com.menumitratCommonAPITestScript.MenuCreateTestScript" tests="1" failures="0" timestamp="2 May 2025 10:50:34 GMT" time="17.500" errors="0">
  <testcase name="createMenuUsigValidInputData" time="17.500" classname="com.menumitratCommonAPITestScript.MenuCreateTestScript"/>
</testsuite> <!-- com.menumitratCommonAPITestScript.MenuCreateTestScript -->
