<?xml version="1.0" encoding="UTF-8"?>
<!-- Generated by org.testng.reporters.JUnitReportReporter -->
<testsuite hostname="LAPTOP-G790OGBU" name="com.menumitratCommonAPITestScript.AddMenusToOrder" tests="1" failures="0" timestamp="3 May 2025 11:13:24 GMT" time="0.539" errors="0">
  <testcase name="verifyAddMenusToOrder" time="0.539" classname="com.menumitratCommonAPITestScript.AddMenusToOrder"/>
</testsuite> <!-- com.menumitratCommonAPITestScript.AddMenusToOrder -->
