<?xml version="1.0" encoding="UTF-8"?>
<!-- Generated by org.testng.reporters.JUnitReportReporter -->
<testsuite hostname="LAPTOP-G790OGBU" name="com.menumitratCommonAPITestScript.SupplierListViewTestScript" tests="2" failures="0" timestamp="6 May 2025 08:06:11 GMT" time="0.516" errors="0">
  <testcase name="verifySupplierListViewUsingPositiveData" time="0.187" classname="com.menumitratCommonAPITestScript.SupplierListViewTestScript"/>
  <testcase name="supplierListViewNegativeTest" time="0.329" classname="com.menumitratCommonAPITestScript.SupplierListViewTestScript"/>
</testsuite> <!-- com.menumitratCommonAPITestScript.SupplierListViewTestScript -->
