<?xml version="1.0" encoding="UTF-8"?>
<!-- Generated by org.testng.reporters.JUnitReportReporter -->
<testsuite hostname="LAPTOP-G790OGBU" name="com.menumitratCommonAPITestScript.CreateTicketTestScript" tests="1" failures="0" timestamp="4 May 2025 09:31:01 GMT" time="3.062" errors="0">
  <testcase name="createTicketUsingValidInputData" time="3.062" classname="com.menumitratCommonAPITestScript.CreateTicketTestScript"/>
</testsuite> <!-- com.menumitratCommonAPITestScript.CreateTicketTestScript -->
