<?xml version="1.0" encoding="UTF-8"?>
<!-- Generated by org.testng.reporters.JUnitReportReporter -->
<testsuite hostname="LAPTOP-G790OGBU" name="com.menumitratCommonAPITestScript.OutletTypeTestScript" tests="1" failures="0" timestamp="3 May 2025 13:30:29 GMT" time="1.949" errors="0">
  <testcase name="verifyOutletType" time="1.949" classname="com.menumitratCommonAPITestScript.OutletTypeTestScript"/>
</testsuite> <!-- com.menumitratCommonAPITestScript.OutletTypeTestScript -->
