<?xml version="1.0" encoding="UTF-8"?>
<!-- Generated by org.testng.reporters.JUnitReportReporter -->
<testsuite hostname="LAPTOP-G790OGBU" name="com.menumitratCommonAPITestScript.tableView" tests="1" failures="0" timestamp="2 May 2025 13:04:21 GMT" time="0.618" errors="0">
  <testcase name="verifyTableView" time="0.618" classname="com.menumitratCommonAPITestScript.tableView"/>
</testsuite> <!-- com.menumitratCommonAPITestScript.tableView -->
