<?xml version="1.0" encoding="UTF-8"?>
<!-- Generated by org.testng.reporters.JUnitReportReporter -->
<testsuite hostname="LAPTOP-G790OGBU" name="com.menumitratCommonAPITestScript.GetFoodTypeList" tests="1" failures="0" timestamp="9 May 2025 06:01:25 GMT" time="0.122" errors="0">
  <testcase name="verifyFoodTypeList" time="0.122" classname="com.menumitratCommonAPITestScript.GetFoodTypeList"/>
</testsuite> <!-- com.menumitratCommonAPITestScript.GetFoodTypeList -->
