<?xml version="1.0" encoding="UTF-8"?>
<!-- Generated by org.testng.reporters.JUnitReportReporter -->
<testsuite hostname="LAPTOP-G790OGBU" name="com.menumitratCommonAPITestScript.GetTemplates" tests="1" failures="0" timestamp="5 May 2025 06:27:12 GMT" time="0.235" errors="0">
  <testcase name="verifyTemplates" time="0.235" classname="com.menumitratCommonAPITestScript.GetTemplates"/>
</testsuite> <!-- com.menumitratCommonAPITestScript.GetTemplates -->
