<?xml version="1.0" encoding="UTF-8"?>
<!-- Generated by org.testng.reporters.JUnitReportReporter -->
<testsuite hostname="LAPTOP-G790OGBU" name="com.menumitratCommonAPITestScript.MenuCategoryListViewTestScript" tests="2" failures="0" timestamp="7 May 2025 06:16:34 GMT" time="8.135" errors="0">
  <testcase name="menuCategoryListViewNegativeTest" time="0.668" classname="com.menumitratCommonAPITestScript.MenuCategoryListViewTestScript"/>
  <testcase name="verifyMenuCategoryListView" time="7.467" classname="com.menumitratCommonAPITestScript.MenuCategoryListViewTestScript"/>
</testsuite> <!-- com.menumitratCommonAPITestScript.MenuCategoryListViewTestScript -->
