<?xml version="1.0" encoding="UTF-8"?>
<!-- Generated by org.testng.reporters.JUnitReportReporter -->
<testsuite hostname="LAPTOP-G790OGBU" name="com.menumitratCommonAPITestScript.CreateQRTemplatesTestScript" tests="1" failures="0" timestamp="9 May 2025 06:01:25 GMT" time="0.478" errors="0">
  <testcase name="createQRTemplatesUsingValidInputData" time="0.478" classname="com.menumitratCommonAPITestScript.CreateQRTemplatesTestScript"/>
</testsuite> <!-- com.menumitratCommonAPITestScript.CreateQRTemplatesTestScript -->
