<?xml version="1.0" encoding="UTF-8"?>
<!-- Generated by org.testng.reporters.JUnitReportReporter -->
<testsuite hostname="LAPTOP-G790OGBU" name="com.menumitratCommonAPITestScript.GetTableListTestScript" tests="1" failures="0" timestamp="2 May 2025 11:58:05 GMT" time="1.319" errors="0">
  <testcase name="verifyTableListView" time="1.319" classname="com.menumitratCommonAPITestScript.GetTableListTestScript"/>
</testsuite> <!-- com.menumitratCommonAPITestScript.GetTableListTestScript -->
