<?xml version="1.0" encoding="UTF-8"?>
<!-- Generated by org.testng.reporters.JUnitReportReporter -->
<testsuite hostname="LAPTOP-G790OGBU" name="com.menumitratCommonAPITestScript.GetSpicyIndexList" tests="1" failures="0" timestamp="3 May 2025 10:28:18 GMT" time="0.582" errors="0">
  <testcase name="verifySpicyIndexList" time="0.582" classname="com.menumitratCommonAPITestScript.GetSpicyIndexList"/>
</testsuite> <!-- com.menumitratCommonAPITestScript.GetSpicyIndexList -->
