<?xml version="1.0" encoding="UTF-8"?>
<!-- Generated by org.testng.reporters.JUnitReportReporter -->
<testsuite hostname="LAPTOP-G790OGBU" name="com.menumitratCommonAPITestScript.GetStaffListWithRole" tests="1" failures="0" timestamp="5 May 2025 08:21:13 GMT" time="0.193" errors="0">
  <testcase name="getStaffListWithRoleTest" time="0.193" classname="com.menumitratCommonAPITestScript.GetStaffListWithRole"/>
</testsuite> <!-- com.menumitratCommonAPITestScript.GetStaffListWithRole -->
