<?xml version="1.0" encoding="UTF-8"?>
<!-- Generated by org.testng.reporters.JUnitReportReporter -->
<testsuite hostname="LAPTOP-G790OGBU" name="com.menumitratCommonAPITestScript.SupplierCreditRatingChoicesTestScript" tests="1" failures="0" timestamp="5 May 2025 08:21:13 GMT" time="0.110" errors="0">
  <testcase name="testSupplierCreditRatingChoices" time="0.110" classname="com.menumitratCommonAPITestScript.SupplierCreditRatingChoicesTestScript"/>
</testsuite> <!-- com.menumitratCommonAPITestScript.SupplierCreditRatingChoicesTestScript -->
