<?xml version="1.0" encoding="UTF-8"?>
<!-- Generated by org.testng.reporters.JUnitReportReporter -->
<testsuite hostname="LAPTOP-G790OGBU" name="com.menumitratCommonAPITestScript.SelectTemplateTestScript" tests="2" failures="0" timestamp="9 May 2025 06:01:24 GMT" time="0.265" errors="0">
  <testcase name="selectTemplateNegativeTest" time="0.129" classname="com.menumitratCommonAPITestScript.SelectTemplateTestScript"/>
  <testcase name="selectTemplateUsingValidInputData" time="0.136" classname="com.menumitratCommonAPITestScript.SelectTemplateTestScript"/>
</testsuite> <!-- com.menumitratCommonAPITestScript.SelectTemplateTestScript -->
