<?xml version="1.0" encoding="UTF-8"?>
<!-- Generated by org.testng.reporters.JUnitReportReporter -->
<testsuite hostname="LAPTOP-G790OGBU" name="com.menumitratCommonAPITestScript.MenuCategoryViewTestScript" tests="5" failures="0" timestamp="9 May 2025 06:01:25 GMT" time="0.673" errors="0">
  <testcase name="menuCategoryViewNegativeTest" time="0.132" classname="com.menumitratCommonAPITestScript.MenuCategoryViewTestScript"/>
  <testcase name="menuCategoryViewNegativeTest" time="0.129" classname="com.menumitratCommonAPITestScript.MenuCategoryViewTestScript"/>
  <testcase name="verifyMenuCategoryView" time="0.152" classname="com.menumitratCommonAPITestScript.MenuCategoryViewTestScript"/>
  <testcase name="menuCategoryViewNegativeTest" time="0.130" classname="com.menumitratCommonAPITestScript.MenuCategoryViewTestScript"/>
  <testcase name="menuCategoryViewNegativeTest" time="0.130" classname="com.menumitratCommonAPITestScript.MenuCategoryViewTestScript"/>
</testsuite> <!-- com.menumitratCommonAPITestScript.MenuCategoryViewTestScript -->
