<?xml version="1.0" encoding="UTF-8"?>
<!-- Generated by org.testng.reporters.JUnitReportReporter -->
<testsuite hostname="LAPTOP-G790OGBU" name="com.menumitratCommonAPITestScript.GetTableListTestScript" tests="3" failures="0" timestamp="6 May 2025 06:01:25 GMT" time="2.202" errors="0">
  <testcase name="verifyTableListView" time="1.114" classname="com.menumitratCommonAPITestScript.GetTableListTestScript"/>
  <testcase name="tableListViewNegativeTest" time="0.644" classname="com.menumitratCommonAPITestScript.GetTableListTestScript"/>
  <testcase name="tableListViewNegativeTest" time="0.444" classname="com.menumitratCommonAPITestScript.GetTableListTestScript"/>
</testsuite> <!-- com.menumitratCommonAPITestScript.GetTableListTestScript -->
