<?xml version="1.0" encoding="UTF-8"?>
<!-- Generated by org.testng.reporters.JUnitReportReporter -->
<testsuite hostname="LAPTOP-G790OGBU" name="com.menumitratCommonAPITestScript.ActivityLogTestScript" tests="1" failures="0" timestamp="4 May 2025 11:32:50 GMT" time="18.072" errors="0">
  <testcase name="activityLogTest" time="18.072" classname="com.menumitratCommonAPITestScript.ActivityLogTestScript"/>
</testsuite> <!-- com.menumitratCommonAPITestScript.ActivityLogTestScript -->
