<?xml version="1.0" encoding="UTF-8"?>
<!-- Generated by org.testng.reporters.JUnitReportReporter -->
<testsuite hostname="LAPTOP-G790OGBU" name="com.menumitratCommonAPITestScript.CreateOrderTestScript" tests="5" failures="0" timestamp="5 May 2025 08:21:13 GMT" time="2.574" errors="0">
  <testcase name="createParcelOrderString" time="0.272" classname="com.menumitratCommonAPITestScript.CreateOrderTestScript"/>
  <testcase name="createDineInOrder" time="0.968" classname="com.menumitratCommonAPITestScript.CreateOrderTestScript"/>
  <testcase name="createDeliveryOrder" time="0.484" classname="com.menumitratCommonAPITestScript.CreateOrderTestScript"/>
  <testcase name="createCounterOrder" time="0.542" classname="com.menumitratCommonAPITestScript.CreateOrderTestScript"/>
  <testcase name="createDriveThroughOrder" time="0.308" classname="com.menumitratCommonAPITestScript.CreateOrderTestScript"/>
</testsuite> <!-- com.menumitratCommonAPITestScript.CreateOrderTestScript -->
