<?xml version="1.0" encoding="UTF-8"?>
<!-- Generated by org.testng.reporters.JUnitReportReporter -->
<testsuite hostname="LAPTOP-G790OGBU" name="com.menumitratCommonAPITestScript.TableIsReservedTestScript" tests="1" failures="0" timestamp="4 May 2025 10:53:03 GMT" time="5.098" errors="0">
  <testcase name="setTableIsReserved" time="5.098" classname="com.menumitratCommonAPITestScript.TableIsReservedTestScript"/>
</testsuite> <!-- com.menumitratCommonAPITestScript.TableIsReservedTestScript -->
