<?xml version="1.0" encoding="UTF-8"?>
<!-- Generated by org.testng.reporters.JUnitReportReporter -->
<testsuite hostname="LAPTOP-G790OGBU" name="com.menumitratCommonAPITestScript.OrderListViewCdskdsTestScript" tests="2" failures="0" timestamp="9 May 2025 06:01:24 GMT" time="0.283" errors="0">
  <testcase name="orderListViewCdskdsTest" time="0.150" classname="com.menumitratCommonAPITestScript.OrderListViewCdskdsTestScript"/>
  <testcase name="orderListViewCdskdsNegativeTest" time="0.133" classname="com.menumitratCommonAPITestScript.OrderListViewCdskdsTestScript"/>
</testsuite> <!-- com.menumitratCommonAPITestScript.OrderListViewCdskdsTestScript -->
