<?xml version="1.0" encoding="UTF-8"?>
<!-- Generated by org.testng.reporters.JUnitReportReporter -->
<testsuite hostname="LAPTOP-G790OGBU" name="com.menumitratCommonAPITestScript.DeleteTemplatesTestScript" tests="1" failures="0" timestamp="5 May 2025 06:43:50 GMT" time="1.080" errors="0">
  <testcase name="deleteTemplatesTest" time="1.080" classname="com.menumitratCommonAPITestScript.DeleteTemplatesTestScript"/>
</testsuite> <!-- com.menumitratCommonAPITestScript.DeleteTemplatesTestScript -->
