<?xml version="1.0" encoding="UTF-8"?>
<!-- Generated by org.testng.reporters.JUnitReportReporter -->
<testsuite hostname="LAPTOP-G790OGBU" name="com.menumitratCommonAPITestScript.WaiterListViewTestScript" tests="2" failures="0" timestamp="9 May 2025 06:01:24 GMT" time="0.267" errors="0">
  <testcase name="waiterListViewNegativeTest" time="0.126" classname="com.menumitratCommonAPITestScript.WaiterListViewTestScript"/>
  <testcase name="waiterListViewTest" time="0.141" classname="com.menumitratCommonAPITestScript.WaiterListViewTestScript"/>
</testsuite> <!-- com.menumitratCommonAPITestScript.WaiterListViewTestScript -->
