<?xml version="1.0" encoding="UTF-8"?>
<!-- Generated by org.testng.reporters.JUnitReportReporter -->
<testsuite hostname="LAPTOP-G790OGBU" name="com.menumitratCommonAPITestScript.SupplierCreateTestScript" tests="1" failures="0" timestamp="2 May 2025 13:59:26 GMT" time="0.458" errors="0">
  <testcase name="createSupplier" time="0.458" classname="com.menumitratCommonAPITestScript.SupplierCreateTestScript"/>
</testsuite> <!-- com.menumitratCommonAPITestScript.SupplierCreateTestScript -->
