<?xml version="1.0" encoding="UTF-8"?>
<!-- Generated by org.testng.reporters.JUnitReportReporter -->
<testsuite hostname="LAPTOP-G790OGBU" name="com.menumitratCommonAPITestScript.WaiterListViewTestScript" tests="1" failures="0" timestamp="4 May 2025 07:26:51 GMT" time="1.579" errors="0">
  <testcase name="waiterListViewTest" time="1.579" classname="com.menumitratCommonAPITestScript.WaiterListViewTestScript"/>
</testsuite> <!-- com.menumitratCommonAPITestScript.WaiterListViewTestScript -->
