<?xml version="1.0" encoding="UTF-8"?>
<!-- Generated by org.testng.reporters.JUnitReportReporter -->
<testsuite hostname="LAPTOP-G790OGBU" name="com.menumitratCommonAPITestScript.OrderViewTestScript" tests="3" failures="0" timestamp="7 May 2025 12:33:49 GMT" time="0.864" errors="0">
  <testcase name="orderViewNegativeTest" time="0.221" classname="com.menumitratCommonAPITestScript.OrderViewTestScript"/>
  <testcase name="orderViewTest" time="0.343" classname="com.menumitratCommonAPITestScript.OrderViewTestScript"/>
  <testcase name="orderViewNegativeTest" time="0.300" classname="com.menumitratCommonAPITestScript.OrderViewTestScript"/>
</testsuite> <!-- com.menumitratCommonAPITestScript.OrderViewTestScript -->
