<?xml version="1.0" encoding="UTF-8"?>
<!-- Generated by org.testng.reporters.JUnitReportReporter -->
<testsuite hostname="LAPTOP-G790OGBU" name="com.menumitratCommonAPITestScript.GetOutletListTestScript" tests="1" failures="0" timestamp="4 May 2025 11:19:14 GMT" time="3.391" errors="0">
  <testcase name="getOutletListTest" time="3.391" classname="com.menumitratCommonAPITestScript.GetOutletListTestScript"/>
</testsuite> <!-- com.menumitratCommonAPITestScript.GetOutletListTestScript -->
