<?xml version="1.0" encoding="UTF-8"?>
<!-- Generated by org.testng.reporters.JUnitReportReporter -->
<testsuite hostname="LAPTOP-G790OGBU" name="com.menumitratCommonAPITestScript.TableDeleteTestScript" tests="2" failures="0" timestamp="9 May 2025 06:01:25 GMT" time="0.279" errors="0">
  <testcase name="verifyTableDelete" time="0.142" classname="com.menumitratCommonAPITestScript.TableDeleteTestScript"/>
  <testcase name="tableDeleteNegativeTest" time="0.137" classname="com.menumitratCommonAPITestScript.TableDeleteTestScript"/>
</testsuite> <!-- com.menumitratCommonAPITestScript.TableDeleteTestScript -->
