<?xml version="1.0" encoding="UTF-8"?>
<!-- Generated by org.testng.reporters.JUnitReportReporter -->
<testsuite hostname="LAPTOP-G790OGBU" name="com.menumitratCommonAPITestScript.GetAllMenuListByCategory" tests="1" failures="0" timestamp="3 May 2025 08:02:50 GMT" time="2.246" errors="0">
  <testcase name="getAllMenuListByCategory" time="2.246" classname="com.menumitratCommonAPITestScript.GetAllMenuListByCategory"/>
</testsuite> <!-- com.menumitratCommonAPITestScript.GetAllMenuListByCategory -->
