<?xml version="1.0" encoding="UTF-8"?>
<!-- Generated by org.testng.reporters.JUnitReportReporter -->
<testsuite hostname="LAPTOP-G790OGBU" name="com.menumitratCommonAPITestScript.GetOutletListTestScript" tests="2" failures="0" timestamp="9 May 2025 06:01:25 GMT" time="0.259" errors="0">
  <testcase name="getOutletListTest" time="0.121" classname="com.menumitratCommonAPITestScript.GetOutletListTestScript"/>
  <testcase name="getOutletListNegativeTest" time="0.138" classname="com.menumitratCommonAPITestScript.GetOutletListTestScript"/>
</testsuite> <!-- com.menumitratCommonAPITestScript.GetOutletListTestScript -->
