<?xml version="1.0" encoding="UTF-8"?>
<!-- Generated by org.testng.reporters.JUnitReportReporter -->
<testsuite hostname="LAPTOP-G790OGBU" name="com.menumitratCommonAPITestScript.StaffCreateTestScript" tests="6" failures="0" timestamp="5 May 2025 13:55:31 GMT" time="1.167" errors="0">
  <testcase name="verifyStaffCreateNegativeCases" time="0.187" classname="com.menumitratCommonAPITestScript.StaffCreateTestScript"/>
  <testcase name="verifyStaffCreateNegativeCases" time="0.144" classname="com.menumitratCommonAPITestScript.StaffCreateTestScript"/>
  <testcase name="verifyStaffCreateNegativeCases" time="0.145" classname="com.menumitratCommonAPITestScript.StaffCreateTestScript"/>
  <testcase name="verifyStaffCreateNegativeCases" time="0.294" classname="com.menumitratCommonAPITestScript.StaffCreateTestScript"/>
  <testcase name="verifyStaffCreateNegativeCases" time="0.255" classname="com.menumitratCommonAPITestScript.StaffCreateTestScript"/>
  <testcase name="verifyStaffCreateNegativeCases" time="0.142" classname="com.menumitratCommonAPITestScript.StaffCreateTestScript"/>
</testsuite> <!-- com.menumitratCommonAPITestScript.StaffCreateTestScript -->
