<?xml version="1.0" encoding="UTF-8"?>
<!-- Generated by org.testng.reporters.JUnitReportReporter -->
<testsuite hostname="LAPTOP-G790OGBU" name="com.menumitratCommonAPITestScript.StaffViewTestScript" tests="1" failures="0" timestamp="2 May 2025 09:32:59 GMT" time="0.314" errors="0">
  <testcase name="verifyStaffView" time="0.314" classname="com.menumitratCommonAPITestScript.StaffViewTestScript"/>
</testsuite> <!-- com.menumitratCommonAPITestScript.StaffViewTestScript -->
