<?xml version="1.0" encoding="UTF-8"?>
<!-- Generated by org.testng.reporters.JUnitReportReporter -->
<testsuite hostname="LAPTOP-G790OGBU" name="com.menumitratCommonAPITestScript.PosDetailsTestScript" tests="1" failures="0" timestamp="5 May 2025 06:22:13 GMT" time="0.349" errors="0">
  <testcase name="posDetailsTest" time="0.349" classname="com.menumitratCommonAPITestScript.PosDetailsTestScript"/>
</testsuite> <!-- com.menumitratCommonAPITestScript.PosDetailsTestScript -->
