<?xml version="1.0" encoding="UTF-8"?>
<!-- Generated by org.testng.reporters.JUnitReportReporter -->
<testsuite hostname="LAPTOP-G790OGBU" name="com.menumitratCommonAPITestScript.SelectOutletTestScript" tests="1" failures="0" timestamp="4 May 2025 11:20:08 GMT" time="6.915" errors="0">
  <testcase name="selectOutletTest" time="6.915" classname="com.menumitratCommonAPITestScript.SelectOutletTestScript"/>
</testsuite> <!-- com.menumitratCommonAPITestScript.SelectOutletTestScript -->
