<?xml version="1.0" encoding="UTF-8"?>
<!-- Generated by org.testng.reporters.JUnitReportReporter -->
<testsuite hostname="LAPTOP-G790OGBU" name="com.menumitratCommonAPITestScript.CreateOrderTestScript" tests="5" failures="0" timestamp="5 May 2025 04:55:46 GMT" time="2.748" errors="0">
  <testcase name="createDriveThroughOrder" time="0.491" classname="com.menumitratCommonAPITestScript.CreateOrderTestScript"/>
  <testcase name="createDineInOrder" time="0.648" classname="com.menumitratCommonAPITestScript.CreateOrderTestScript"/>
  <testcase name="createParcelOrderString" time="0.533" classname="com.menumitratCommonAPITestScript.CreateOrderTestScript"/>
  <testcase name="createDeliveryOrder" time="0.516" classname="com.menumitratCommonAPITestScript.CreateOrderTestScript"/>
  <testcase name="createCounterOrder" time="0.560" classname="com.menumitratCommonAPITestScript.CreateOrderTestScript"/>
</testsuite> <!-- com.menumitratCommonAPITestScript.CreateOrderTestScript -->
