<?xml version="1.0" encoding="UTF-8"?>
<!-- Generated by org.testng.reporters.JUnitReportReporter -->
<testsuite hostname="LAPTOP-G790OGBU" name="com.menumitratCommonAPITestScript.CheckVersionTestScript" tests="3" failures="0" timestamp="9 May 2025 06:01:25 GMT" time="0.363" errors="0">
  <testcase name="checkVersionTest" time="0.122" classname="com.menumitratCommonAPITestScript.CheckVersionTestScript"/>
  <testcase name="checkVersionNegativeTest" time="0.117" classname="com.menumitratCommonAPITestScript.CheckVersionTestScript"/>
  <testcase name="checkVersionNegativeTest" time="0.124" classname="com.menumitratCommonAPITestScript.CheckVersionTestScript"/>
</testsuite> <!-- com.menumitratCommonAPITestScript.CheckVersionTestScript -->
