<?xml version="1.0" encoding="UTF-8"?>
<!-- Generated by org.testng.reporters.JUnitReportReporter -->
<testsuite hostname="LAPTOP-G790OGBU" name="com.menumitratCommonAPITestScript.GetFoodTypeList" tests="1" failures="0" timestamp="3 May 2025 10:34:22 GMT" time="0.329" errors="0">
  <testcase name="verifyFoodTypeList" time="0.329" classname="com.menumitratCommonAPITestScript.GetFoodTypeList"/>
</testsuite> <!-- com.menumitratCommonAPITestScript.GetFoodTypeList -->
