<?xml version="1.0" encoding="UTF-8"?>
<!-- Generated by org.testng.reporters.JUnitReportReporter -->
<testsuite hostname="LAPTOP-G790OGBU" name="com.menumitraOwnerAPITestScript.OwnerverifyOtpTestScript" tests="2" failures="0" timestamp="22 Apr 2025 07:27:17 GMT" time="3.263" errors="0">
  <testcase name="getOwnerUrl" time="0.013" classname="com.menumitraOwnerAPITestScript.OwnerverifyOtpTestScript"/>
  <testcase name="verifyOTPAPiUsingValidInputData" time="3.250" classname="com.menumitraOwnerAPITestScript.OwnerverifyOtpTestScript"/>
</testsuite> <!-- com.menumitraOwnerAPITestScript.OwnerverifyOtpTestScript -->
