<?xml version="1.0" encoding="UTF-8"?>
<!-- Generated by org.testng.reporters.JUnitReportReporter -->
<testsuite hostname="LAPTOP-G790OGBU" name="com.menumitratCommonAPITestScript.SelectOutletTestScript" tests="3" failures="0" timestamp="7 May 2025 11:09:24 GMT" time="0.649" errors="0">
  <testcase name="selectOutletNegativeTest" time="0.189" classname="com.menumitratCommonAPITestScript.SelectOutletTestScript"/>
  <testcase name="selectOutletNegativeTest" time="0.249" classname="com.menumitratCommonAPITestScript.SelectOutletTestScript"/>
  <testcase name="selectOutletTest" time="0.211" classname="com.menumitratCommonAPITestScript.SelectOutletTestScript"/>
</testsuite> <!-- com.menumitratCommonAPITestScript.SelectOutletTestScript -->
