<?xml version="1.0" encoding="UTF-8"?>
<!-- Generated by org.testng.reporters.JUnitReportReporter -->
<testsuite hostname="LAPTOP-G790OGBU" name="com.menumitratCommonAPITestScript.SupplierListViewTestScript" tests="1" failures="0" timestamp="2 May 2025 17:07:43 GMT" time="1.180" errors="0">
  <testcase name="verifySupplierListViewUsingPositiveData" time="1.180" classname="com.menumitratCommonAPITestScript.SupplierListViewTestScript"/>
</testsuite> <!-- com.menumitratCommonAPITestScript.SupplierListViewTestScript -->
